TN:
SF:script/DeployDAO.s.sol
DA:84,0
FN:84,DeployDAO.run.0
FNDA:0,DeployDAO.run.0
DA:85,0
DA:86,0
DA:88,0
DA:89,0
DA:90,0
DA:93,0
DA:95,0
DA:97,0
DA:98,0
DA:99,0
DA:100,0
DA:101,0
DA:103,0
DA:105,0
DA:106,0
DA:112,0
FN:112,DeployDAO._loadAddresses
FNDA:0,DeployDAO._loadAddresses
DA:113,0
DA:116,0
DA:117,0
BRDA:117,0,0,-
BRDA:117,0,1,-
DA:118,0
DA:121,0
DA:122,0
BRDA:122,1,0,-
BRDA:122,1,1,-
DA:123,0
DA:125,0
DA:126,0
BRDA:126,2,0,-
BRDA:126,2,1,-
DA:127,0
DA:129,0
DA:130,0
BRDA:130,3,0,-
BRDA:130,3,1,-
DA:131,0
DA:133,0
DA:134,0
BRDA:134,4,0,-
BRDA:134,4,1,-
DA:135,0
DA:137,0
DA:138,0
BRDA:138,5,0,-
BRDA:138,5,1,-
DA:139,0
DA:141,0
DA:147,0
FN:147,DeployDAO._deployDAOImplementations
FNDA:0,DeployDAO._deployDAOImplementations
DA:148,0
DA:151,0
DA:152,0
DA:155,0
DA:156,0
DA:159,0
DA:160,0
DA:162,0
DA:168,0
FN:168,DeployDAO._setupDAOProxy
FNDA:0,DeployDAO._setupDAOProxy
DA:169,0
DA:172,0
DA:173,0
DA:176,0
DA:177,0
DA:180,0
DA:181,0
DA:184,0
DA:185,0
DA:186,0
DA:187,0
DA:188,0
DA:189,0
DA:190,0
DA:191,0
DA:192,0
DA:193,0
DA:194,0
DA:195,0
DA:196,0
DA:197,0
DA:198,0
DA:199,0
DA:200,0
DA:201,0
DA:203,0
DA:204,0
DA:206,0
DA:212,0
FN:212,DeployDAO._deployCandidateContracts
FNDA:0,DeployDAO._deployCandidateContracts
DA:213,0
DA:216,0
DA:217,0
DA:220,0
DA:221,0
DA:223,0
DA:229,0
FN:229,DeployDAO._deployFactories
FNDA:0,DeployDAO._deployFactories
DA:230,0
DA:233,0
DA:234,0
DA:236,0
DA:237,0
DA:238,0
DA:239,0
DA:242,0
DA:249,0
DA:252,0
DA:253,0
DA:255,0
DA:256,0
DA:257,0
DA:258,0
DA:262,0
DA:263,0
DA:271,0
DA:273,0
DA:279,0
FN:279,DeployDAO._configureDAO
FNDA:0,DeployDAO._configureDAO
DA:280,0
DA:283,0
DA:284,0
DA:286,0
DA:287,0
DA:289,0
DA:290,0
DA:292,0
DA:293,0
DA:295,0
DA:301,0
FN:301,DeployDAO._printSummary
FNDA:0,DeployDAO._printSummary
DA:302,0
DA:303,0
DA:304,0
DA:305,0
DA:306,0
DA:307,0
DA:308,0
DA:309,0
DA:310,0
DA:311,0
DA:312,0
DA:313,0
DA:314,0
DA:315,0
DA:316,0
DA:317,0
DA:318,0
DA:321,0
FN:321,DeployDAO._saveDeployment
FNDA:0,DeployDAO._saveDeployment
DA:323,0
DA:329,0
DA:334,0
DA:339,0
DA:341,0
DA:342,0
DA:361,0
FN:361,DeployDAOLocal.run.1
FNDA:0,DeployDAOLocal.run.1
DA:362,0
DA:363,0
DA:365,0
DA:366,0
DA:367,0
DA:370,0
DA:372,0
DA:375,0
DA:377,0
DA:378,0
DA:379,0
DA:380,0
DA:381,0
DA:383,0
DA:385,0
DA:386,0
DA:389,0
FN:389,DeployDAOLocal._loadV3Addresses
FNDA:0,DeployDAOLocal._loadV3Addresses
DA:390,0
DA:393,0
DA:395,0
DA:396,0
DA:398,0
DA:399,0
DA:401,0
DA:402,0
DA:404,0
DA:405,0
DA:407,0
DA:408,0
DA:410,0
DA:413,0
FN:413,DeployDAOLocal._deployMockDAOProxy
FNDA:0,DeployDAOLocal._deployMockDAOProxy
DA:414,0
DA:417,0
DA:423,0
DA:424,0
DA:425,0
DA:448,0
FN:448,MockDAOCommitteeProxy.onlyAdmin
FNDA:0,MockDAOCommitteeProxy.onlyAdmin
DA:449,0
BRDA:449,6,0,-
BRDA:449,6,1,-
DA:453,0
FN:453,MockDAOCommitteeProxy.constructor
FNDA:0,MockDAOCommitteeProxy.constructor
DA:458,0
DA:459,0
DA:460,0
DA:461,0
DA:462,0
DA:465,0
FN:465,MockDAOCommitteeProxy.hasRole
FNDA:0,MockDAOCommitteeProxy.hasRole
DA:466,0
DA:469,0
FN:469,MockDAOCommitteeProxy.upgradeTo
FNDA:0,MockDAOCommitteeProxy.upgradeTo
DA:470,0
BRDA:470,7,0,-
BRDA:470,7,1,-
DA:471,0
BRDA:471,8,0,-
BRDA:471,8,1,-
DA:472,0
DA:473,0
DA:476,0
FN:476,MockDAOCommitteeProxy.implementation
FNDA:0,MockDAOCommitteeProxy.implementation
DA:477,0
DA:480,0
FN:480,MockDAOCommitteeProxy.setProxyPause
FNDA:0,MockDAOCommitteeProxy.setProxyPause
DA:481,0
DA:484,0
FN:484,MockDAOCommitteeProxy.fallback
FNDA:0,MockDAOCommitteeProxy.fallback
DA:485,0
DA:486,0
BRDA:486,9,0,-
BRDA:486,9,1,-
DA:489,0
DA:490,0
DA:491,0
DA:494,0
DA:495,0
FNF:19
FNH:0
LF:202
LH:0
BRF:20
BRH:0
end_of_record
TN:
SF:script/DeployV3Full.s.sol
DA:136,0
FN:136,DeployV3Full._getProxyAdmin
FNDA:0,DeployV3Full._getProxyAdmin
DA:137,0
DA:140,0
FN:140,DeployV3Full.run
FNDA:0,DeployV3Full.run
DA:141,0
DA:142,0
DA:143,0
DA:145,0
DA:146,0
DA:147,0
DA:148,0
DA:149,0
DA:150,0
DA:151,0
DA:152,0
DA:153,0
DA:154,0
DA:155,0
DA:156,0
DA:158,0
DA:159,0
DA:165,503
FN:165,DeployV3Full._deployTokens
FNDA:503,DeployV3Full._deployTokens
DA:168,503
DA:171,503
DA:172,503
DA:173,503
DA:181,503
FN:181,DeployV3Full._deployCoinageInfrastructure
FNDA:503,DeployV3Full._deployCoinageInfrastructure
DA:185,503
DA:189,503
DA:190,503
DA:191,503
DA:199,503
FN:199,DeployV3Full._deployLayer2Registry
FNDA:503,DeployV3Full._deployLayer2Registry
DA:202,503
DA:205,503
DA:206,503
DA:207,503
DA:215,503
FN:215,DeployV3Full._deployManagerProxies
FNDA:503,DeployV3Full._deployManagerProxies
DA:218,503
DA:221,503
DA:224,503
DA:227,503
DA:235,503
FN:235,DeployV3Full._deployManagerImplementations
FNDA:503,DeployV3Full._deployManagerImplementations
DA:240,503
DA:242,503
DA:245,503
DA:249,503
DA:253,503
DA:255,503
DA:258,503
DA:260,503
DA:263,503
DA:265,503
DA:272,503
FN:272,DeployV3Full._initializeManagers
FNDA:503,DeployV3Full._initializeManagers
DA:276,503
DA:288,503
DA:302,503
DA:307,503
DA:323,503
FN:323,DeployV3Full._setupSeigManagerV3Routing
FNDA:503,DeployV3Full._setupSeigManagerV3Routing
DA:325,503
DA:326,503
DA:330,503
DA:333,503
DA:336,503
FN:336,DeployV3Full._setupSeigManagerV3CoreSelectors
FNDA:503,DeployV3Full._setupSeigManagerV3CoreSelectors
DA:338,503
DA:339,503
DA:340,503
DA:341,503
DA:342,503
DA:343,503
DA:344,503
DA:345,503
DA:350,503
FN:350,DeployV3Full._setupSeigManagerV3ParameterSelectors
FNDA:503,DeployV3Full._setupSeigManagerV3ParameterSelectors
DA:352,503
DA:353,503
DA:354,503
DA:355,503
DA:356,503
DA:357,503
DA:358,503
DA:359,503
DA:360,503
DA:361,503
DA:366,503
FN:366,DeployV3Full._setupSeigManagerV3ViewSelectors
FNDA:503,DeployV3Full._setupSeigManagerV3ViewSelectors
DA:368,503
DA:369,503
DA:370,503
DA:371,503
DA:372,503
DA:373,503
DA:374,503
DA:375,503
DA:376,503
DA:377,503
DA:378,503
DA:379,503
DA:380,503
DA:381,503
DA:382,503
DA:383,503
DA:384,503
DA:385,503
DA:386,503
DA:387,503
DA:388,503
DA:389,503
DA:390,503
DA:391,503
DA:396,503
FN:396,DeployV3Full._setupSeigManagerV3AllTestSelectors
FNDA:503,DeployV3Full._setupSeigManagerV3AllTestSelectors
DA:397,503
DA:398,503
DA:403,503
DA:404,503
DA:405,503
DA:406,503
DA:407,503
DA:408,503
DA:409,503
DA:410,503
DA:411,503
DA:412,503
DA:413,503
DA:419,503
FN:419,DeployV3Full._setupMinterPermissions
FNDA:503,DeployV3Full._setupMinterPermissions
DA:424,503
DA:429,503
DA:437,503
FN:437,DeployV3Full._deployOperatorManagerFactory
FNDA:503,DeployV3Full._deployOperatorManagerFactory
DA:442,503
DA:446,503
DA:454,503
FN:454,DeployV3Full._deployV3Contracts
FNDA:503,DeployV3Full._deployV3Contracts
DA:458,503
DA:462,503
DA:467,503
DA:472,503
DA:482,503
DA:491,80
FN:491,DeployV3Full._setupCrossReferences
FNDA:80,DeployV3Full._setupCrossReferences
DA:492,80
DA:493,80
DA:494,80
DA:497,80
FN:497,DeployV3Full._setupSeigManagerRefs
FNDA:80,DeployV3Full._setupSeigManagerRefs
DA:498,80
DA:499,80
DA:501,80
DA:504,80
FN:504,DeployV3Full._setupLayer2ManagerRefs
FNDA:80,DeployV3Full._setupLayer2ManagerRefs
DA:506,80
DA:512,80
DA:520,80
FN:520,DeployV3Full._setupOtherManagerRefs
FNDA:80,DeployV3Full._setupOtherManagerRefs
DA:521,80
DA:526,80
DA:532,80
DA:537,80
DA:543,0
FN:543,DeployV3Full._printSummary
FNDA:0,DeployV3Full._printSummary
DA:544,0
DA:545,0
DA:546,0
DA:547,0
DA:548,0
DA:549,0
DA:550,0
DA:551,0
DA:552,0
DA:553,0
DA:554,0
DA:555,0
DA:556,0
DA:557,0
DA:558,0
DA:559,0
DA:560,0
DA:561,0
DA:562,0
DA:563,0
DA:564,0
DA:565,0
DA:568,0
FN:568,DeployV3Full._saveDeployment
FNDA:0,DeployV3Full._saveDeployment
DA:570,0
DA:577,0
DA:583,0
DA:589,0
DA:591,0
DA:597,503
FN:597,DeployV3Full._deployRATProxy
FNDA:503,DeployV3Full._deployRATProxy
DA:599,503
DA:607,503
DA:609,503
DA:612,503
DA:613,503
DA:616,503
FN:616,DeployV3Full._configureRAT
FNDA:503,DeployV3Full._configureRAT
DA:617,503
DA:630,503
DA:640,26
FN:640,DeployV3Full._getStake
FNDA:26,DeployV3Full._getStake
DA:641,26
DA:645,2
FN:645,DeployV3Full._getLayer2TotalStake
FNDA:2,DeployV3Full._getLayer2TotalStake
DA:646,2
DA:647,2
DA:651,0
FN:651,DeployV3Full._assertStakeEq
FNDA:0,DeployV3Full._assertStakeEq
DA:652,0
DA:653,0
BRDA:653,0,0,-
BRDA:653,0,1,-
DA:657,0
FN:657,DeployV3Full._assertLayer2TotalStakeEq
FNDA:0,DeployV3Full._assertLayer2TotalStakeEq
DA:658,0
DA:659,0
BRDA:659,1,0,-
BRDA:659,1,1,-
DA:663,0
FN:663,DeployV3Full._approxEq
FNDA:0,DeployV3Full._approxEq
DA:664,0
BRDA:664,2,0,-
BRDA:664,2,1,-
DA:665,0
DA:667,0
DA:677,143
FN:677,DeployV3Full._setV3ParametersForTest
FNDA:143,DeployV3Full._setV3ParametersForTest
DA:678,143
DA:679,143
DA:682,143
FN:682,DeployV3Full._setV3ParamsCore
FNDA:143,DeployV3Full._setV3ParamsCore
DA:683,143
DA:687,143
DA:688,143
DA:689,143
DA:692,143
FN:692,DeployV3Full._setV3ParamsAdditional
FNDA:143,DeployV3Full._setV3ParamsAdditional
DA:693,143
DA:694,143
DA:695,143
DA:696,143
FNF:32
FNH:25
LF:214
LH:155
BRF:6
BRH:0
end_of_record
TN:
SF:script/DeployV3FullForDevnet.s.sol
DA:137,0
FN:137,MockDAOCommitteeProxy.onlyAdmin
FNDA:0,MockDAOCommitteeProxy.onlyAdmin
DA:138,0
BRDA:138,0,0,-
BRDA:138,0,1,-
DA:142,0
FN:142,MockDAOCommitteeProxy.constructor
FNDA:0,MockDAOCommitteeProxy.constructor
DA:143,0
DA:146,0
DA:147,0
DA:150,0
FN:150,MockDAOCommitteeProxy.upgradeTo
FNDA:0,MockDAOCommitteeProxy.upgradeTo
DA:151,0
BRDA:151,1,0,-
BRDA:151,1,1,-
DA:152,0
DA:153,0
DA:156,0
FN:156,MockDAOCommitteeProxy.implementation
FNDA:0,MockDAOCommitteeProxy.implementation
DA:157,0
DA:160,0
FN:160,MockDAOCommitteeProxy.fallback
FNDA:0,MockDAOCommitteeProxy.fallback
DA:161,0
DA:162,0
BRDA:162,2,0,-
BRDA:162,2,1,-
DA:164,0
DA:165,0
DA:166,0
DA:168,0
DA:169,0
DA:302,0
FN:302,DeployV3FullForDevnet.runForDevnetAlloc
FNDA:0,DeployV3FullForDevnet.runForDevnetAlloc
DA:304,0
DA:308,0
DA:309,0
DA:312,0
DA:313,0
DA:316,0
DA:319,0
DA:323,0
DA:324,0
DA:327,0
FN:327,DeployV3FullForDevnet.run
FNDA:0,DeployV3FullForDevnet.run
DA:328,0
DA:329,0
DA:330,0
DA:331,0
DA:332,0
DA:333,0
DA:334,0
DA:335,0
DA:336,0
DA:337,0
DA:338,0
DA:339,0
DA:340,0
DA:341,0
DA:342,0
DA:343,0
DA:344,0
DA:345,0
DA:346,0
DA:347,0
DA:348,0
DA:354,0
FN:354,DeployV3FullForDevnet._loadOptimismAddresses
FNDA:0,DeployV3FullForDevnet._loadOptimismAddresses
DA:355,0
DA:358,0
DA:359,0
DA:360,0
DA:362,0
DA:363,0
DA:364,0
DA:367,0
DA:368,0
DA:371,0
DA:372,0
DA:373,0
DA:376,0
BRDA:376,3,0,-
DA:377,0
DA:378,0
DA:379,0
BRDA:379,3,1,-
DA:380,0
DA:384,0
BRDA:384,4,0,-
DA:385,0
DA:386,0
DA:387,0
BRDA:387,4,1,-
DA:388,0
DA:392,0
BRDA:392,5,0,-
DA:393,0
DA:394,0
DA:395,0
BRDA:395,5,1,-
DA:396,0
DA:400,0
BRDA:400,6,0,-
DA:401,0
DA:402,0
DA:403,0
BRDA:403,6,1,-
DA:404,0
DA:407,0
DA:413,0
FN:413,DeployV3FullForDevnet._deployTokens
FNDA:0,DeployV3FullForDevnet._deployTokens
DA:414,0
DA:418,0
DA:419,0
DA:422,0
BRDA:422,7,0,-
BRDA:422,7,1,-
DA:423,0
DA:424,0
DA:427,0
DA:428,0
DA:429,0
DA:433,0
BRDA:433,8,0,-
BRDA:433,8,1,-
DA:434,0
DA:435,0
DA:438,0
DA:439,0
DA:440,0
DA:441,0
DA:442,0
DA:445,0
DA:451,0
FN:451,DeployV3FullForDevnet._deployCoinageInfrastructure
FNDA:0,DeployV3FullForDevnet._deployCoinageInfrastructure
DA:452,0
DA:455,0
DA:456,0
DA:458,0
DA:459,0
DA:460,0
DA:461,0
DA:462,0
DA:468,0
FN:468,DeployV3FullForDevnet._deployLayer2Registry
FNDA:0,DeployV3FullForDevnet._deployLayer2Registry
DA:469,0
DA:471,0
DA:472,0
DA:474,0
DA:475,0
DA:476,0
DA:477,0
DA:478,0
DA:484,0
FN:484,DeployV3FullForDevnet._deployManagerProxies
FNDA:0,DeployV3FullForDevnet._deployManagerProxies
DA:485,0
DA:487,0
DA:488,0
DA:490,0
DA:491,0
DA:493,0
DA:494,0
DA:496,0
DA:497,0
DA:498,0
DA:504,0
FN:504,DeployV3FullForDevnet._deployManagerImplementations
FNDA:0,DeployV3FullForDevnet._deployManagerImplementations
DA:505,0
DA:508,0
DA:509,0
DA:510,0
DA:512,0
DA:513,0
DA:515,0
DA:516,0
DA:519,0
DA:520,0
DA:521,0
DA:524,0
DA:525,0
DA:526,0
DA:529,0
DA:530,0
DA:531,0
DA:532,0
DA:538,0
FN:538,DeployV3FullForDevnet._initializeManagers
FNDA:0,DeployV3FullForDevnet._initializeManagers
DA:539,0
DA:542,0
DA:551,0
DA:554,0
DA:563,0
DA:566,0
DA:568,0
DA:571,0
DA:578,0
DA:579,0
DA:586,0
FN:586,DeployV3FullForDevnet._setupSeigManagerV3Routing
FNDA:0,DeployV3FullForDevnet._setupSeigManagerV3Routing
DA:588,0
DA:589,0
DA:592,0
DA:595,0
DA:598,0
FN:598,DeployV3FullForDevnet._setupSeigManagerV3CoreSelectors
FNDA:0,DeployV3FullForDevnet._setupSeigManagerV3CoreSelectors
DA:600,0
DA:601,0
DA:602,0
DA:603,0
DA:604,0
DA:605,0
DA:606,0
DA:607,0
DA:613,0
FN:613,DeployV3FullForDevnet._setupMinterPermissions
FNDA:0,DeployV3FullForDevnet._setupMinterPermissions
DA:614,0
DA:616,0
DA:617,0
DA:619,0
DA:620,0
DA:623,0
DA:624,0
DA:625,0
DA:631,0
FN:631,DeployV3FullForDevnet._deployOperatorManagerFactory
FNDA:0,DeployV3FullForDevnet._deployOperatorManagerFactory
DA:632,0
DA:634,0
DA:635,0
DA:637,0
DA:638,0
DA:639,0
DA:645,0
FN:645,DeployV3FullForDevnet._deployV3Contracts
FNDA:0,DeployV3FullForDevnet._deployV3Contracts
DA:646,0
DA:649,0
DA:650,0
DA:653,0
DA:656,0
DA:657,0
DA:660,0
DA:661,0
DA:664,0
DA:665,0
DA:667,0
DA:676,0
DA:677,0
DA:684,0
FN:684,DeployV3FullForDevnet._setupCrossReferences
FNDA:0,DeployV3FullForDevnet._setupCrossReferences
DA:685,0
DA:688,0
DA:697,0
DA:699,0
DA:700,0
DA:702,0
DA:703,0
DA:706,0
DA:712,0
DA:718,0
DA:721,0
DA:722,0
DA:725,0
DA:730,0
DA:732,0
DA:738,0
DA:741,0
DA:745,0
DA:748,0
DA:749,0
DA:750,0
DA:756,0
FN:756,DeployV3FullForDevnet._initializeOptimismPortal
FNDA:0,DeployV3FullForDevnet._initializeOptimismPortal
DA:757,0
DA:760,0
BRDA:760,9,0,-
BRDA:760,9,1,-
DA:761,0
BRDA:761,10,0,-
BRDA:761,10,1,-
DA:764,0
DA:765,0
DA:766,0
DA:767,0
DA:773,0
DA:774,0
DA:780,0
FN:780,DeployV3FullForDevnet._connectToOptimism
FNDA:0,DeployV3FullForDevnet._connectToOptimism
DA:781,0
DA:789,0
DA:790,0
DA:791,0
DA:792,0
DA:793,0
DA:794,0
DA:800,0
FN:800,DeployV3FullForDevnet._deployDAO
FNDA:0,DeployV3FullForDevnet._deployDAO
DA:801,0
DA:804,0
DA:805,0
DA:808,0
DA:809,0
DA:810,0
DA:811,0
DA:812,0
DA:813,0
DA:816,0
DA:817,0
DA:818,0
DA:821,0
DA:823,0
DA:824,0
DA:825,0
DA:826,0
DA:827,0
DA:828,0
DA:830,0
DA:831,0
DA:834,0
DA:835,0
DA:836,0
DA:837,0
DA:838,0
DA:841,0
DA:842,0
DA:843,0
DA:844,0
DA:846,0
DA:847,0
DA:848,0
DA:849,0
DA:852,0
DA:860,0
DA:868,0
DA:871,0
DA:872,0
DA:873,0
DA:874,0
DA:875,0
DA:876,0
DA:879,0
DA:880,0
DA:882,0
DA:888,0
FN:888,DeployV3FullForDevnet._registerLayer2
FNDA:0,DeployV3FullForDevnet._registerLayer2
DA:889,0
DA:896,0
DA:897,0
DA:903,0
FN:903,DeployV3FullForDevnet._mintTestTokens
FNDA:0,DeployV3FullForDevnet._mintTestTokens
DA:904,0
DA:907,0
DA:908,0
DA:910,0
DA:911,0
DA:913,0
DA:914,0
DA:915,0
DA:916,0
DA:919,0
DA:920,0
DA:926,0
FN:926,DeployV3FullForDevnet._printSummary
FNDA:0,DeployV3FullForDevnet._printSummary
DA:927,0
DA:928,0
DA:929,0
DA:930,0
DA:931,0
DA:932,0
DA:933,0
DA:934,0
DA:935,0
DA:936,0
DA:937,0
DA:938,0
DA:939,0
DA:940,0
DA:941,0
DA:942,0
DA:943,0
DA:944,0
DA:945,0
DA:946,0
DA:947,0
DA:948,0
DA:949,0
DA:950,0
DA:951,0
DA:952,0
DA:953,0
DA:954,0
DA:955,0
DA:956,0
DA:957,0
DA:958,0
DA:959,0
DA:960,0
DA:961,0
DA:967,0
FN:967,DeployV3FullForDevnet._buildRATInitData
FNDA:0,DeployV3FullForDevnet._buildRATInitData
DA:969,0
DA:977,0
DA:980,0
FN:980,DeployV3FullForDevnet._configureRAT
FNDA:0,DeployV3FullForDevnet._configureRAT
DA:982,0
DA:995,0
DA:999,0
FN:999,DeployV3FullForDevnet._buildJsonPart1
FNDA:0,DeployV3FullForDevnet._buildJsonPart1
DA:1000,0
DA:1010,0
FN:1010,DeployV3FullForDevnet._buildJsonPart2
FNDA:0,DeployV3FullForDevnet._buildJsonPart2
DA:1011,0
DA:1020,0
FN:1020,DeployV3FullForDevnet._buildJsonPart3
FNDA:0,DeployV3FullForDevnet._buildJsonPart3
DA:1021,0
DA:1028,0
FN:1028,DeployV3FullForDevnet._buildJsonPart4
FNDA:0,DeployV3FullForDevnet._buildJsonPart4
DA:1029,0
DA:1039,0
FN:1039,DeployV3FullForDevnet._buildJsonPart5
FNDA:0,DeployV3FullForDevnet._buildJsonPart5
DA:1040,0
DA:1050,0
FN:1050,DeployV3FullForDevnet._buildJsonPart6
FNDA:0,DeployV3FullForDevnet._buildJsonPart6
DA:1051,0
DA:1058,0
DA:1067,0
FN:1067,DeployV3FullForDevnet._saveDeployment
FNDA:0,DeployV3FullForDevnet._saveDeployment
DA:1069,0
DA:1070,0
DA:1071,0
DA:1072,0
DA:1075,0
DA:1076,0
DA:1077,0
FNF:35
FNH:0
LF:374
LH:0
BRF:22
BRH:0
end_of_record
TN:
SF:script/VerifyGenesisSetup.s.sol
DA:59,0
FN:59,VerifyGenesisSetup.run
FNDA:0,VerifyGenesisSetup.run
DA:60,0
DA:61,0
DA:64,0
DA:67,0
DA:68,0
DA:69,0
DA:70,0
DA:72,0
DA:73,0
DA:74,0
DA:75,0
DA:76,0
DA:77,0
DA:78,0
DA:79,0
DA:80,0
DA:83,0
DA:85,0
BRDA:85,0,0,-
BRDA:85,0,1,-
DA:86,0
DA:87,0
DA:88,0
DA:89,0
DA:90,0
DA:92,0
DA:93,0
DA:94,0
DA:96,0
DA:97,0
DA:98,0
DA:102,0
DA:103,0
DA:104,0
DA:105,0
DA:107,0
BRDA:107,1,0,-
BRDA:107,1,1,-
DA:108,0
DA:109,0
DA:111,0
DA:112,0
DA:113,0
DA:117,0
FN:117,VerifyGenesisSetup._loadAddresses
FNDA:0,VerifyGenesisSetup._loadAddresses
DA:118,0
DA:121,0
DA:122,0
DA:123,0
DA:124,0
DA:125,0
DA:126,0
DA:127,0
DA:128,0
DA:129,0
DA:130,0
DA:131,0
DA:132,0
DA:133,0
DA:135,0
DA:136,0
DA:139,0
FN:139,VerifyGenesisSetup._verifyContractDeployments
FNDA:0,VerifyGenesisSetup._verifyContractDeployments
DA:140,0
DA:142,0
DA:143,0
DA:144,0
DA:145,0
DA:146,0
DA:147,0
DA:148,0
DA:149,0
DA:150,0
DA:151,0
DA:152,0
DA:154,0
DA:157,0
FN:157,VerifyGenesisSetup._verifyRATGenesisStorage
FNDA:0,VerifyGenesisSetup._verifyRATGenesisStorage
DA:158,0
DA:160,0
DA:165,0
DA:166,0
DA:167,0
DA:170,0
DA:171,0
DA:172,0
DA:175,0
DA:176,0
DA:177,0
DA:180,0
DA:181,0
DA:182,0
DA:185,0
DA:186,0
DA:187,0
DA:190,0
DA:191,0
DA:192,0
DA:195,0
DA:196,0
DA:197,0
DA:200,0
DA:201,0
DA:202,0
DA:205,0
DA:206,0
DA:207,0
DA:210,0
DA:211,0
DA:212,0
DA:214,0
DA:217,0
FN:217,VerifyGenesisSetup._verifyRATRuntimeStorage
FNDA:0,VerifyGenesisSetup._verifyRATRuntimeStorage
DA:218,0
DA:220,0
DA:223,0
DA:224,0
DA:225,0
DA:228,0
DA:229,0
DA:230,0
DA:232,0
DA:235,0
FN:235,VerifyGenesisSetup._verifyDisputeGameFactoryStorage
FNDA:0,VerifyGenesisSetup._verifyDisputeGameFactoryStorage
DA:236,0
DA:238,0
DA:241,0
DA:242,0
DA:243,0
DA:246,0
DA:247,0
DA:248,0
DA:251,0
DA:252,0
DA:253,0
DA:255,0
DA:258,0
FN:258,VerifyGenesisSetup._verifyL1BridgeRegistryMappings
FNDA:0,VerifyGenesisSetup._verifyL1BridgeRegistryMappings
DA:259,0
DA:261,0
DA:264,0
DA:265,0
DA:266,0
DA:269,0
DA:270,0
DA:271,0
DA:273,0
DA:276,0
FN:276,VerifyGenesisSetup._verifyLayer2ManagerStorage
FNDA:0,VerifyGenesisSetup._verifyLayer2ManagerStorage
DA:277,0
DA:279,0
DA:282,0
DA:283,0
DA:284,0
DA:285,0
DA:286,0
DA:289,0
DA:290,0
DA:291,0
DA:292,0
DA:293,0
DA:296,0
DA:297,0
DA:298,0
DA:299,0
DA:301,0
DA:304,0
FN:304,VerifyGenesisSetup._verifySeigManagerV3
FNDA:0,VerifyGenesisSetup._verifySeigManagerV3
DA:305,0
DA:307,0
DA:310,0
DA:311,0
DA:312,0
DA:315,0
DA:316,0
DA:317,0
DA:320,0
DA:321,0
DA:322,0
DA:325,0
DA:326,0
DA:327,0
DA:330,0
DA:331,0
DA:332,0
DA:334,0
DA:337,0
FN:337,VerifyGenesisSetup._verifyTokenBalances
FNDA:0,VerifyGenesisSetup._verifyTokenBalances
DA:338,0
DA:340,0
DA:341,0
DA:344,0
DA:345,0
DA:346,0
DA:347,0
DA:348,0
DA:349,0
DA:352,0
DA:353,0
DA:354,0
DA:355,0
DA:356,0
DA:357,0
DA:359,0
DA:362,0
FN:362,VerifyGenesisSetup._verifyDepositManagerConfiguration
FNDA:0,VerifyGenesisSetup._verifyDepositManagerConfiguration
DA:363,0
DA:366,0
DA:367,0
BRDA:367,2,0,-
BRDA:367,2,1,-
DA:368,0
DA:369,0
DA:370,0
DA:373,0
DA:374,0
BRDA:374,3,0,-
BRDA:374,3,1,-
DA:375,0
DA:376,0
DA:377,0
DA:379,0
DA:382,0
FN:382,VerifyGenesisSetup._verifyValidatorRewardConfiguration
FNDA:0,VerifyGenesisSetup._verifyValidatorRewardConfiguration
DA:383,0
DA:386,0
DA:387,0
BRDA:387,4,0,-
BRDA:387,4,1,-
DA:388,0
DA:389,0
DA:390,0
DA:393,0
DA:394,0
BRDA:394,5,0,-
BRDA:394,5,1,-
DA:395,0
DA:396,0
DA:397,0
DA:399,0
DA:402,0
FN:402,VerifyGenesisSetup._verifyDAOConfiguration
FNDA:0,VerifyGenesisSetup._verifyDAOConfiguration
DA:403,0
DA:406,0
DA:407,0
DA:409,0
DA:412,0
FN:412,VerifyGenesisSetup._verifyTokenPermissions
FNDA:0,VerifyGenesisSetup._verifyTokenPermissions
DA:413,0
DA:416,0
DA:419,0
BRDA:419,6,0,-
DA:420,0
DA:421,0
DA:422,0
DA:426,0
DA:429,0
BRDA:429,7,0,-
DA:430,0
DA:431,0
DA:432,0
DA:435,0
DA:438,0
FN:438,VerifyGenesisSetup._check
FNDA:0,VerifyGenesisSetup._check
DA:439,0
DA:440,0
BRDA:440,8,0,-
BRDA:440,8,1,-
DA:441,0
DA:443,0
DA:444,0
FNF:15
FNH:0
LF:242
LH:0
BRF:16
BRH:0
end_of_record
TN:
SF:src/accessControl/AccessControl.sol
DA:85,2115
FN:85,AccessControl.hasRole
FNDA:2115,AccessControl.hasRole
DA:86,3807
DA:93,0
FN:93,AccessControl.getRoleMemberCount
FNDA:0,AccessControl.getRoleMemberCount
DA:94,0
DA:109,0
FN:109,AccessControl.getRoleMember
FNDA:0,AccessControl.getRoleMember
DA:110,0
DA:119,0
FN:119,AccessControl.getRoleAdmin
FNDA:0,AccessControl.getRoleAdmin
DA:120,0
DA:133,0
FN:133,AccessControl.grantRole
FNDA:0,AccessControl.grantRole
DA:134,0
BRDA:134,0,0,-
BRDA:134,0,1,-
DA:136,0
DA:148,0
FN:148,AccessControl.revokeRole
FNDA:0,AccessControl.revokeRole
DA:149,0
BRDA:149,1,0,-
BRDA:149,1,1,-
DA:151,0
DA:168,0
FN:168,AccessControl.renounceRole
FNDA:0,AccessControl.renounceRole
DA:169,0
BRDA:169,2,0,-
BRDA:169,2,1,-
DA:171,0
DA:190,846
FN:190,AccessControl._setupRole
FNDA:846,AccessControl._setupRole
DA:191,846
DA:199,0
FN:199,AccessControl._setRoleAdmin
FNDA:0,AccessControl._setRoleAdmin
DA:200,0
DA:201,0
DA:202,0
DA:205,846
FN:205,AccessControl._grantRole
FNDA:846,AccessControl._grantRole
DA:206,846
BRDA:206,3,0,846
DA:207,846
DA:211,0
FN:211,AccessControl._revokeRole
FNDA:0,AccessControl._revokeRole
DA:212,0
BRDA:212,4,0,-
DA:213,0
FNF:11
FNH:3
LF:29
LH:7
BRF:8
BRH:1
end_of_record
TN:
SF:src/accessControl/Address.sol
DA:25,0
FN:25,Address.isContract
FNDA:0,Address.isContract
DA:30,0
DA:32,0
DA:33,0
DA:52,0
FN:52,Address.sendValue
FNDA:0,Address.sendValue
DA:53,0
BRDA:53,0,0,-
BRDA:53,0,1,-
DA:56,0
DA:57,0
BRDA:57,1,0,-
BRDA:57,1,1,-
DA:78,0
FN:78,Address.functionCall.0
FNDA:0,Address.functionCall.0
DA:79,0
DA:88,0
FN:88,Address.functionCall.1
FNDA:0,Address.functionCall.1
DA:89,0
DA:103,0
FN:103,Address.functionCallWithValue.0
FNDA:0,Address.functionCallWithValue.0
DA:104,0
DA:113,0
FN:113,Address.functionCallWithValue.1
FNDA:0,Address.functionCallWithValue.1
DA:114,0
BRDA:114,2,0,-
BRDA:114,2,1,-
DA:115,0
BRDA:115,3,0,-
BRDA:115,3,1,-
DA:118,0
DA:119,0
DA:128,0
FN:128,Address.functionStaticCall.0
FNDA:0,Address.functionStaticCall.0
DA:129,0
DA:138,0
FN:138,Address.functionStaticCall.1
FNDA:0,Address.functionStaticCall.1
DA:139,0
BRDA:139,4,0,-
BRDA:139,4,1,-
DA:142,0
DA:143,0
DA:146,0
FN:146,Address._verifyCallResult
FNDA:0,Address._verifyCallResult
DA:147,0
BRDA:147,5,0,-
BRDA:147,5,1,-
DA:148,0
DA:151,0
BRDA:151,6,0,-
BRDA:151,6,1,-
DA:156,0
DA:157,0
DA:160,0
FNF:9
FNH:0
LF:32
LH:0
BRF:14
BRH:0
end_of_record
TN:
SF:src/accessControl/Context.sol
DA:15,0
FN:15,Context._msgSender
FNDA:0,Context._msgSender
DA:16,0
DA:19,0
FN:19,Context._msgData
FNDA:0,Context._msgData
DA:21,0
FNF:2
FNH:0
LF:4
LH:0
BRF:0
BRH:0
end_of_record
TN:
SF:src/accessControl/EnumerableSet.sol
DA:53,846
FN:53,EnumerableSet._add
FNDA:846,EnumerableSet._add
DA:54,846
BRDA:54,0,0,846
BRDA:54,0,1,-
DA:55,846
DA:58,846
DA:59,846
DA:61,0
DA:71,0
FN:71,EnumerableSet._remove
FNDA:0,EnumerableSet._remove
DA:73,0
DA:75,0
BRDA:75,1,0,-
BRDA:75,1,1,-
DA:80,0
DA:81,0
DA:86,0
BRDA:86,2,0,-
DA:87,0
DA:89,0
DA:91,0
DA:95,0
DA:100,0
DA:102,0
DA:109,4653
FN:109,EnumerableSet._contains
FNDA:4653,EnumerableSet._contains
DA:110,4653
DA:116,0
FN:116,EnumerableSet._length
FNDA:0,EnumerableSet._length
DA:117,0
DA:130,0
FN:130,EnumerableSet._at
FNDA:0,EnumerableSet._at
DA:131,0
BRDA:131,3,0,-
BRDA:131,3,1,-
DA:132,0
DA:147,0
FN:147,EnumerableSet.add.0
FNDA:0,EnumerableSet.add.0
DA:148,0
DA:157,0
FN:157,EnumerableSet.remove.0
FNDA:0,EnumerableSet.remove.0
DA:158,0
DA:164,0
FN:164,EnumerableSet.contains.0
FNDA:0,EnumerableSet.contains.0
DA:165,0
DA:171,0
FN:171,EnumerableSet.length.0
FNDA:0,EnumerableSet.length.0
DA:172,0
DA:185,0
FN:185,EnumerableSet.at.0
FNDA:0,EnumerableSet.at.0
DA:186,0
DA:201,846
FN:201,EnumerableSet.add.1
FNDA:846,EnumerableSet.add.1
DA:202,846
DA:211,0
FN:211,EnumerableSet.remove.1
FNDA:0,EnumerableSet.remove.1
DA:212,0
DA:218,3807
FN:218,EnumerableSet.contains.1
FNDA:3807,EnumerableSet.contains.1
DA:219,3807
DA:225,0
FN:225,EnumerableSet.length.1
FNDA:0,EnumerableSet.length.1
DA:226,0
DA:239,0
FN:239,EnumerableSet.at.1
FNDA:0,EnumerableSet.at.1
DA:240,0
DA:256,0
FN:256,EnumerableSet.add.2
FNDA:0,EnumerableSet.add.2
DA:257,0
DA:266,0
FN:266,EnumerableSet.remove.2
FNDA:0,EnumerableSet.remove.2
DA:267,0
DA:273,0
FN:273,EnumerableSet.contains.2
FNDA:0,EnumerableSet.contains.2
DA:274,0
DA:280,0
FN:280,EnumerableSet.length.2
FNDA:0,EnumerableSet.length.2
DA:281,0
DA:294,0
FN:294,EnumerableSet.at.2
FNDA:0,EnumerableSet.at.2
DA:295,0
FNF:20
FNH:4
LF:55
LH:11
BRF:7
BRH:1
end_of_record
TN:
SF:src/common/AccessibleCommon.sol
DA:8,423
FN:8,AccessibleCommon.onlyOwner
FNDA:423,AccessibleCommon.onlyOwner
DA:9,423
BRDA:9,0,0,1
BRDA:9,0,1,1189
DA:15,0
FN:15,AccessibleCommon.addAdmin
FNDA:0,AccessibleCommon.addAdmin
DA:16,0
BRDA:16,1,0,-
BRDA:16,1,1,-
DA:17,0
DA:22,0
FN:22,AccessibleCommon.removeAdmin
FNDA:0,AccessibleCommon.removeAdmin
DA:23,0
BRDA:23,2,0,-
BRDA:23,2,1,-
DA:24,0
DA:29,327
FN:29,AccessibleCommon.transferAdmin
FNDA:327,AccessibleCommon.transferAdmin
DA:30,327
BRDA:30,3,0,-
BRDA:30,3,1,327
DA:31,327
BRDA:31,4,0,-
BRDA:31,4,1,327
DA:32,327
BRDA:32,5,0,-
BRDA:32,5,1,327
DA:34,327
DA:35,327
DA:38,0
FN:38,AccessibleCommon.transferOwnership
FNDA:0,AccessibleCommon.transferOwnership
DA:39,0
DA:42,0
FN:42,AccessibleCommon.renounceOwnership
FNDA:0,AccessibleCommon.renounceOwnership
DA:43,0
DA:48,2
FN:48,AccessibleCommon.isAdmin
FNDA:2,AccessibleCommon.isAdmin
DA:49,5474
DA:52,0
FN:52,AccessibleCommon.isOwner
FNDA:0,AccessibleCommon.isOwner
DA:53,0
DA:56,0
FN:56,AccessibleCommon.supportsInterface
FNDA:0,AccessibleCommon.supportsInterface
DA:57,0
FNF:9
FNH:3
LF:24
LH:10
BRF:12
BRH:5
end_of_record
TN:
SF:src/common/AuthControlCoinage.sol
DA:9,0
FN:9,AuthControlCoinage.onlyOwner
FNDA:0,AuthControlCoinage.onlyOwner
DA:10,0
BRDA:10,0,0,-
BRDA:10,0,1,-
DA:14,1629
FN:14,AuthControlCoinage.onlyMinter
FNDA:1629,AuthControlCoinage.onlyMinter
DA:15,1629
BRDA:15,1,0,-
BRDA:15,1,1,137
DA:19,0
FN:19,AuthControlCoinage.onlyOperator
FNDA:0,AuthControlCoinage.onlyOperator
DA:20,0
BRDA:20,2,0,-
BRDA:20,2,1,-
DA:27,0
FN:27,AuthControlCoinage.addAdmin
FNDA:0,AuthControlCoinage.addAdmin
DA:28,0
BRDA:28,3,0,-
BRDA:28,3,1,-
DA:29,0
DA:32,1756
FN:32,AuthControlCoinage.addMinter
FNDA:1756,AuthControlCoinage.addMinter
DA:33,1756
BRDA:33,4,0,-
BRDA:33,4,1,1756
DA:34,1756
DA:37,0
FN:37,AuthControlCoinage.addOperator
FNDA:0,AuthControlCoinage.addOperator
DA:38,0
BRDA:38,5,0,-
BRDA:38,5,1,-
DA:39,0
DA:44,0
FN:44,AuthControlCoinage.removeAdmin
FNDA:0,AuthControlCoinage.removeAdmin
DA:45,0
BRDA:45,6,0,-
BRDA:45,6,1,-
DA:46,0
DA:49,0
FN:49,AuthControlCoinage.removeMinter
FNDA:0,AuthControlCoinage.removeMinter
DA:50,0
BRDA:50,7,0,-
BRDA:50,7,1,-
DA:51,0
DA:54,0
FN:54,AuthControlCoinage.removeOperator
FNDA:0,AuthControlCoinage.removeOperator
DA:55,0
BRDA:55,8,0,-
BRDA:55,8,1,-
DA:56,0
DA:61,0
FN:61,AuthControlCoinage.transferAdmin
FNDA:0,AuthControlCoinage.transferAdmin
DA:62,830
BRDA:62,9,0,-
BRDA:62,9,1,830
DA:63,830
BRDA:63,10,0,-
BRDA:63,10,1,830
DA:64,830
BRDA:64,11,0,-
BRDA:64,11,1,830
DA:66,830
DA:67,830
DA:70,830
FN:70,AuthControlCoinage.transferOwnership
FNDA:830,AuthControlCoinage.transferOwnership
DA:71,830
DA:74,0
FN:74,AuthControlCoinage.renounceOwnership
FNDA:0,AuthControlCoinage.renounceOwnership
DA:75,0
DA:78,0
FN:78,AuthControlCoinage.renounceMinter
FNDA:0,AuthControlCoinage.renounceMinter
DA:79,0
BRDA:79,12,0,-
BRDA:79,12,1,-
DA:80,0
DA:83,0
FN:83,AuthControlCoinage.renounceOperator
FNDA:0,AuthControlCoinage.renounceOperator
DA:84,0
BRDA:84,13,0,-
BRDA:84,13,1,-
DA:85,0
DA:88,0
FN:88,AuthControlCoinage.revokeMinter
FNDA:0,AuthControlCoinage.revokeMinter
DA:89,0
BRDA:89,14,0,-
BRDA:89,14,1,-
DA:90,0
DA:93,0
FN:93,AuthControlCoinage.revokeOperator
FNDA:0,AuthControlCoinage.revokeOperator
DA:94,0
BRDA:94,15,0,-
BRDA:94,15,1,-
DA:95,0
DA:100,0
FN:100,AuthControlCoinage.isAdmin
FNDA:0,AuthControlCoinage.isAdmin
DA:101,4057
DA:104,0
FN:104,AuthControlCoinage.isOwner
FNDA:0,AuthControlCoinage.isOwner
DA:105,0
DA:108,0
FN:108,AuthControlCoinage.isMinter
FNDA:0,AuthControlCoinage.isMinter
DA:109,0
DA:112,0
FN:112,AuthControlCoinage.isOperator
FNDA:0,AuthControlCoinage.isOperator
DA:113,0
DA:116,0
FN:116,AuthControlCoinage.supportsInterface
FNDA:0,AuthControlCoinage.supportsInterface
DA:117,0
FNF:21
FNH:3
LF:56
LH:13
BRF:32
BRH:5
end_of_record
TN:
SF:src/common/AuthControlL1BridgeRegistry.sol
DA:9,0
FN:9,AuthControlL1BridgeRegistry.onlyOwner
FNDA:0,AuthControlL1BridgeRegistry.onlyOwner
DA:10,0
BRDA:10,0,0,-
BRDA:10,0,1,-
DA:14,7
FN:14,AuthControlL1BridgeRegistry.onlyManager
FNDA:7,AuthControlL1BridgeRegistry.onlyManager
DA:15,7
BRDA:15,1,0,1
BRDA:15,1,1,349
DA:19,333
FN:19,AuthControlL1BridgeRegistry.onlyRegistrant
FNDA:333,AuthControlL1BridgeRegistry.onlyRegistrant
DA:20,333
BRDA:20,2,0,-
BRDA:20,2,1,-
DA:27,0
FN:27,AuthControlL1BridgeRegistry.addAdmin
FNDA:0,AuthControlL1BridgeRegistry.addAdmin
DA:28,0
BRDA:28,3,0,-
BRDA:28,3,1,-
DA:29,0
DA:32,344
FN:32,AuthControlL1BridgeRegistry.addManager
FNDA:344,AuthControlL1BridgeRegistry.addManager
DA:33,344
BRDA:33,4,0,-
BRDA:33,4,1,344
DA:34,344
DA:37,344
FN:37,AuthControlL1BridgeRegistry.addRegistrant
FNDA:344,AuthControlL1BridgeRegistry.addRegistrant
DA:38,344
BRDA:38,5,0,-
BRDA:38,5,1,344
DA:39,344
DA:44,0
FN:44,AuthControlL1BridgeRegistry.removeAdmin
FNDA:0,AuthControlL1BridgeRegistry.removeAdmin
DA:45,0
BRDA:45,6,0,-
BRDA:45,6,1,-
DA:46,0
DA:49,0
FN:49,AuthControlL1BridgeRegistry.removeManager
FNDA:0,AuthControlL1BridgeRegistry.removeManager
DA:50,0
BRDA:50,7,0,-
BRDA:50,7,1,-
DA:51,0
DA:54,0
FN:54,AuthControlL1BridgeRegistry.removeRegistrant
FNDA:0,AuthControlL1BridgeRegistry.removeRegistrant
DA:55,0
BRDA:55,8,0,-
BRDA:55,8,1,-
DA:56,0
DA:61,0
FN:61,AuthControlL1BridgeRegistry.transferAdmin
FNDA:0,AuthControlL1BridgeRegistry.transferAdmin
DA:62,0
BRDA:62,9,0,-
BRDA:62,9,1,-
DA:63,0
BRDA:63,10,0,-
BRDA:63,10,1,-
DA:64,0
BRDA:64,11,0,-
BRDA:64,11,1,-
DA:66,0
DA:67,0
DA:70,0
FN:70,AuthControlL1BridgeRegistry.renounceOwnership
FNDA:0,AuthControlL1BridgeRegistry.renounceOwnership
DA:71,0
DA:74,0
FN:74,AuthControlL1BridgeRegistry.renounceManager
FNDA:0,AuthControlL1BridgeRegistry.renounceManager
DA:75,0
BRDA:75,12,0,-
BRDA:75,12,1,-
DA:76,0
DA:79,0
FN:79,AuthControlL1BridgeRegistry.renounceRegistrant
FNDA:0,AuthControlL1BridgeRegistry.renounceRegistrant
DA:80,0
BRDA:80,13,0,-
BRDA:80,13,1,-
DA:81,0
DA:84,0
FN:84,AuthControlL1BridgeRegistry.revokeManager
FNDA:0,AuthControlL1BridgeRegistry.revokeManager
DA:85,0
BRDA:85,14,0,-
BRDA:85,14,1,-
DA:86,0
DA:89,0
FN:89,AuthControlL1BridgeRegistry.revokeRegistrant
FNDA:0,AuthControlL1BridgeRegistry.revokeRegistrant
DA:90,0
BRDA:90,15,0,-
BRDA:90,15,1,-
DA:91,0
DA:96,1
FN:96,AuthControlL1BridgeRegistry.isAdmin
FNDA:1,AuthControlL1BridgeRegistry.isAdmin
DA:97,1395
DA:100,0
FN:100,AuthControlL1BridgeRegistry.isOwner
FNDA:0,AuthControlL1BridgeRegistry.isOwner
DA:101,0
DA:104,328
FN:104,AuthControlL1BridgeRegistry.isManager
FNDA:328,AuthControlL1BridgeRegistry.isManager
DA:105,332
DA:108,328
FN:108,AuthControlL1BridgeRegistry.isRegistrant
FNDA:328,AuthControlL1BridgeRegistry.isRegistrant
DA:109,328
DA:112,0
FN:112,AuthControlL1BridgeRegistry.supportsInterface
FNDA:0,AuthControlL1BridgeRegistry.supportsInterface
DA:113,0
FNF:20
FNH:7
LF:54
LH:16
BRF:32
BRH:4
end_of_record
TN:
SF:src/common/AuthControlLayer2Manager.sol
DA:9,0
FN:9,AuthControlLayer2Manager.onlyOwner
FNDA:0,AuthControlLayer2Manager.onlyOwner
DA:10,0
BRDA:10,0,0,-
BRDA:10,0,1,-
DA:14,0
FN:14,AuthControlLayer2Manager.onlyManager
FNDA:0,AuthControlLayer2Manager.onlyManager
DA:15,0
BRDA:15,1,0,-
BRDA:15,1,1,-
DA:19,0
FN:19,AuthControlLayer2Manager.onlyOperator
FNDA:0,AuthControlLayer2Manager.onlyOperator
DA:20,0
BRDA:20,2,0,-
BRDA:20,2,1,-
DA:27,0
FN:27,AuthControlLayer2Manager.addAdmin
FNDA:0,AuthControlLayer2Manager.addAdmin
DA:28,0
BRDA:28,3,0,-
BRDA:28,3,1,-
DA:29,0
DA:32,0
FN:32,AuthControlLayer2Manager.addManager
FNDA:0,AuthControlLayer2Manager.addManager
DA:33,0
BRDA:33,4,0,-
BRDA:33,4,1,-
DA:34,0
DA:37,0
FN:37,AuthControlLayer2Manager.addOperator
FNDA:0,AuthControlLayer2Manager.addOperator
DA:38,0
BRDA:38,5,0,-
BRDA:38,5,1,-
DA:39,0
DA:44,0
FN:44,AuthControlLayer2Manager.removeAdmin
FNDA:0,AuthControlLayer2Manager.removeAdmin
DA:45,0
BRDA:45,6,0,-
BRDA:45,6,1,-
DA:46,0
DA:49,0
FN:49,AuthControlLayer2Manager.removeManager
FNDA:0,AuthControlLayer2Manager.removeManager
DA:50,0
BRDA:50,7,0,-
BRDA:50,7,1,-
DA:51,0
DA:54,0
FN:54,AuthControlLayer2Manager.removeOperator
FNDA:0,AuthControlLayer2Manager.removeOperator
DA:55,0
BRDA:55,8,0,-
BRDA:55,8,1,-
DA:56,0
DA:61,0
FN:61,AuthControlLayer2Manager.transferAdmin
FNDA:0,AuthControlLayer2Manager.transferAdmin
DA:62,0
BRDA:62,9,0,-
BRDA:62,9,1,-
DA:63,0
BRDA:63,10,0,-
BRDA:63,10,1,-
DA:64,0
BRDA:64,11,0,-
BRDA:64,11,1,-
DA:66,0
DA:67,0
DA:70,0
FN:70,AuthControlLayer2Manager.renounceOwnership
FNDA:0,AuthControlLayer2Manager.renounceOwnership
DA:71,0
DA:74,0
FN:74,AuthControlLayer2Manager.renounceManager
FNDA:0,AuthControlLayer2Manager.renounceManager
DA:75,0
BRDA:75,12,0,-
BRDA:75,12,1,-
DA:76,0
DA:79,0
FN:79,AuthControlLayer2Manager.renounceOperator
FNDA:0,AuthControlLayer2Manager.renounceOperator
DA:80,0
BRDA:80,13,0,-
BRDA:80,13,1,-
DA:81,0
DA:84,0
FN:84,AuthControlLayer2Manager.revokeManager
FNDA:0,AuthControlLayer2Manager.revokeManager
DA:85,0
BRDA:85,14,0,-
BRDA:85,14,1,-
DA:86,0
DA:89,0
FN:89,AuthControlLayer2Manager.revokeOperator
FNDA:0,AuthControlLayer2Manager.revokeOperator
DA:90,0
BRDA:90,15,0,-
BRDA:90,15,1,-
DA:91,0
DA:96,0
FN:96,AuthControlLayer2Manager.isAdmin
FNDA:0,AuthControlLayer2Manager.isAdmin
DA:97,0
DA:100,0
FN:100,AuthControlLayer2Manager.isOwner
FNDA:0,AuthControlLayer2Manager.isOwner
DA:101,0
DA:104,0
FN:104,AuthControlLayer2Manager.isManager
FNDA:0,AuthControlLayer2Manager.isManager
DA:105,0
DA:108,0
FN:108,AuthControlLayer2Manager.isOperator
FNDA:0,AuthControlLayer2Manager.isOperator
DA:109,0
DA:112,0
FN:112,AuthControlLayer2Manager.supportsInterface
FNDA:0,AuthControlLayer2Manager.supportsInterface
DA:113,0
FNF:20
FNH:0
LF:54
LH:0
BRF:32
BRH:0
end_of_record
TN:
SF:src/common/AuthControlSeigManager.sol
DA:9,509
FN:9,AuthControlSeigManager.onlyOwner
FNDA:509,AuthControlSeigManager.onlyOwner
DA:10,509
BRDA:10,0,0,1
BRDA:10,0,1,984
DA:14,0
FN:14,AuthControlSeigManager.onlyMinter
FNDA:0,AuthControlSeigManager.onlyMinter
DA:15,0
BRDA:15,1,0,-
BRDA:15,1,1,-
DA:19,0
FN:19,AuthControlSeigManager.onlyOperator
FNDA:0,AuthControlSeigManager.onlyOperator
DA:20,0
BRDA:20,2,0,-
BRDA:20,2,1,-
DA:24,0
FN:24,AuthControlSeigManager.onlyChallenger
FNDA:0,AuthControlSeigManager.onlyChallenger
DA:25,0
BRDA:25,3,0,-
BRDA:25,3,1,-
DA:29,5
FN:29,AuthControlSeigManager.onlyPauser
FNDA:5,AuthControlSeigManager.onlyPauser
DA:30,5
BRDA:30,4,0,1
BRDA:30,4,1,13
DA:34,0
FN:34,AuthControlSeigManager.onlyMinterOrAdmin
FNDA:0,AuthControlSeigManager.onlyMinterOrAdmin
DA:35,0
BRDA:35,5,0,-
BRDA:35,5,1,-
DA:39,0
FN:39,AuthControlSeigManager.onlyChallengerOrAdmin
FNDA:0,AuthControlSeigManager.onlyChallengerOrAdmin
DA:40,0
BRDA:40,6,0,-
BRDA:40,6,1,-
DA:46,0
FN:46,AuthControlSeigManager.addAdmin
FNDA:0,AuthControlSeigManager.addAdmin
DA:47,0
BRDA:47,7,0,-
BRDA:47,7,1,-
DA:48,0
DA:51,0
FN:51,AuthControlSeigManager.addMinter
FNDA:0,AuthControlSeigManager.addMinter
DA:52,0
BRDA:52,8,0,-
BRDA:52,8,1,-
DA:53,0
DA:56,0
FN:56,AuthControlSeigManager.addOperator
FNDA:0,AuthControlSeigManager.addOperator
DA:57,0
BRDA:57,9,0,-
BRDA:57,9,1,-
DA:58,0
DA:61,0
FN:61,AuthControlSeigManager.addChallenger
FNDA:0,AuthControlSeigManager.addChallenger
DA:62,0
BRDA:62,10,0,-
BRDA:62,10,1,-
DA:63,0
DA:66,339
FN:66,AuthControlSeigManager.addPauser
FNDA:339,AuthControlSeigManager.addPauser
DA:67,339
BRDA:67,11,0,-
BRDA:67,11,1,339
DA:68,339
DA:73,0
FN:73,AuthControlSeigManager.removeAdmin
FNDA:0,AuthControlSeigManager.removeAdmin
DA:74,0
BRDA:74,12,0,-
BRDA:74,12,1,-
DA:75,0
DA:78,0
FN:78,AuthControlSeigManager.removeMinter
FNDA:0,AuthControlSeigManager.removeMinter
DA:79,0
BRDA:79,13,0,-
BRDA:79,13,1,-
DA:80,0
DA:83,0
FN:83,AuthControlSeigManager.removeChallenger
FNDA:0,AuthControlSeigManager.removeChallenger
DA:84,0
BRDA:84,14,0,-
BRDA:84,14,1,-
DA:85,0
DA:88,0
FN:88,AuthControlSeigManager.removeOperator
FNDA:0,AuthControlSeigManager.removeOperator
DA:89,0
BRDA:89,15,0,-
BRDA:89,15,1,-
DA:90,0
DA:93,0
FN:93,AuthControlSeigManager.removePauser
FNDA:0,AuthControlSeigManager.removePauser
DA:94,0
BRDA:94,16,0,-
BRDA:94,16,1,-
DA:95,0
DA:100,0
FN:100,AuthControlSeigManager.transferAdmin
FNDA:0,AuthControlSeigManager.transferAdmin
DA:101,0
BRDA:101,17,0,-
BRDA:101,17,1,-
DA:102,0
BRDA:102,18,0,-
BRDA:102,18,1,-
DA:103,0
BRDA:103,19,0,-
BRDA:103,19,1,-
DA:105,0
DA:106,0
DA:109,0
FN:109,AuthControlSeigManager.renounceOwnership
FNDA:0,AuthControlSeigManager.renounceOwnership
DA:110,0
DA:113,0
FN:113,AuthControlSeigManager.renounceMinter
FNDA:0,AuthControlSeigManager.renounceMinter
DA:114,0
BRDA:114,20,0,-
BRDA:114,20,1,-
DA:115,0
DA:118,0
FN:118,AuthControlSeigManager.renounceOperator
FNDA:0,AuthControlSeigManager.renounceOperator
DA:119,0
BRDA:119,21,0,-
BRDA:119,21,1,-
DA:120,0
DA:123,0
FN:123,AuthControlSeigManager.renounceChallenger
FNDA:0,AuthControlSeigManager.renounceChallenger
DA:124,0
BRDA:124,22,0,-
BRDA:124,22,1,-
DA:125,0
DA:130,1
FN:130,AuthControlSeigManager.isAdmin
FNDA:1,AuthControlSeigManager.isAdmin
DA:131,12162
DA:134,0
FN:134,AuthControlSeigManager.isOwner
FNDA:0,AuthControlSeigManager.isOwner
DA:135,0
DA:138,0
FN:138,AuthControlSeigManager.isMinter
FNDA:0,AuthControlSeigManager.isMinter
DA:139,0
DA:142,0
FN:142,AuthControlSeigManager.isOperator
FNDA:0,AuthControlSeigManager.isOperator
DA:143,0
DA:146,0
FN:146,AuthControlSeigManager.isChallenger
FNDA:0,AuthControlSeigManager.isChallenger
DA:147,0
DA:150,0
FN:150,AuthControlSeigManager.isPauser
FNDA:0,AuthControlSeigManager.isPauser
DA:151,0
DA:154,0
FN:154,AuthControlSeigManager.supportsInterface
FNDA:0,AuthControlSeigManager.supportsInterface
DA:155,0
FNF:29
FNH:4
LF:75
LH:9
BRF:46
BRH:5
end_of_record
TN:
SF:src/dao/Candidate.sol
DA:23,0
FN:23,Candidate.onlyCandidate
FNDA:0,Candidate.onlyCandidate
DA:24,0
BRDA:24,0,0,-
BRDA:24,0,1,-
DA:25,0
DA:26,0
BRDA:26,1,0,-
BRDA:26,1,1,-
DA:28,0
BRDA:28,2,0,-
BRDA:28,2,1,-
DA:33,0
FN:33,Candidate.supportsInterface
FNDA:0,Candidate.supportsInterface
DA:34,0
DA:42,0
FN:42,Candidate.initialize
FNDA:0,Candidate.initialize
DA:49,0
BRDA:49,3,0,-
BRDA:49,3,1,-
DA:55,0
BRDA:55,4,0,-
DA:56,0
BRDA:56,5,0,-
BRDA:56,5,1,-
DA:61,0
DA:62,0
DA:63,0
DA:64,0
DA:65,0
DA:67,0
DA:70,0
FN:70,Candidate.setSeigManager
FNDA:0,Candidate.setSeigManager
DA:71,0
BRDA:71,6,0,-
BRDA:71,6,1,-
DA:72,0
DA:77,0
FN:77,Candidate.setCommittee
FNDA:0,Candidate.setCommittee
DA:78,0
BRDA:78,7,0,-
BRDA:78,7,1,-
DA:79,0
DA:84,0
FN:84,Candidate.setMemo
FNDA:0,Candidate.setMemo
DA:85,0
DA:91,0
FN:91,Candidate.updateSeigniorage
FNDA:0,Candidate.updateSeigniorage
DA:92,0
BRDA:92,8,0,-
BRDA:92,8,1,-
DA:93,0
BRDA:93,9,0,-
BRDA:93,9,1,-
DA:98,0
BRDA:98,10,0,-
BRDA:98,10,1,-
DA:99,0
DA:105,0
FN:105,Candidate.changeMember
FNDA:0,Candidate.changeMember
DA:110,0
DA:115,0
FN:115,Candidate.retireMember
FNDA:0,Candidate.retireMember
DA:116,0
DA:123,0
FN:123,Candidate.castVote
FNDA:0,Candidate.castVote
DA:131,0
DA:134,0
FN:134,Candidate.claimActivityReward
FNDA:0,Candidate.claimActivityReward
DA:138,0
DA:140,0
BRDA:140,11,0,-
BRDA:140,11,1,-
DA:141,0
DA:142,0
DA:144,0
DA:146,0
DA:151,0
FN:151,Candidate.isCandidateContract
FNDA:0,Candidate.isCandidateContract
DA:152,0
DA:155,0
FN:155,Candidate.isCandidateFwContract
FNDA:0,Candidate.isCandidateFwContract
DA:156,0
DA:159,0
FN:159,Candidate.operator
FNDA:0,Candidate.operator
DA:160,0
FN:160,Candidate.isLayer2
FNDA:0,Candidate.isLayer2
DA:161,0
DA:163,0
FN:163,Candidate.currentFork
FNDA:0,Candidate.currentFork
DA:164,0
FN:164,Candidate.lastEpoch
FNDA:0,Candidate.lastEpoch
DA:165,0
FN:165,Candidate.changeOperator
FNDA:0,Candidate.changeOperator
DA:166,0
DA:171,0
FN:171,Candidate.totalStaked
FNDA:0,Candidate.totalStaked
DA:176,0
DA:177,0
DA:183,0
FN:183,Candidate.stakedOf
FNDA:0,Candidate.stakedOf
DA:190,0
DA:191,0
DA:194,0
FN:194,Candidate._getCoinageToken
FNDA:0,Candidate._getCoinageToken
DA:195,0
DA:196,0
BRDA:196,12,0,-
BRDA:196,12,1,-
DA:197,0
DA:199,0
DA:202,0
BRDA:202,13,0,-
BRDA:202,13,1,-
DA:204,0
FNF:21
FNH:0
LF:67
LH:0
BRF:27
BRH:0
end_of_record
TN:
SF:src/dao/CandidateAddOnStorage.sol
DA:18,0
FN:18,CandidateAddOnStorage.ton
FNDA:0,CandidateAddOnStorage.ton
DA:20,327
DA:24,0
FN:24,CandidateAddOnStorage.wton
FNDA:0,CandidateAddOnStorage.wton
DA:26,327
DA:30,1635
FN:30,CandidateAddOnStorage._setStorageAddress
FNDA:1635,CandidateAddOnStorage._setStorageAddress
DA:32,1635
FNF:3
FNH:1
LF:6
LH:4
BRF:0
BRH:0
end_of_record
TN:
SF:src/dao/CandidateAddOnStorage1.sol
DA:25,0
FN:25,CandidateAddOnStorage1.candidate
FNDA:0,CandidateAddOnStorage1.candidate
DA:27,1121
DA:31,0
FN:31,CandidateAddOnStorage1.committee
FNDA:0,CandidateAddOnStorage1.committee
DA:33,0
DA:37,0
FN:37,CandidateAddOnStorage1.seigManager
FNDA:0,CandidateAddOnStorage1.seigManager
DA:39,420
FNF:3
FNH:0
LF:6
LH:2
BRF:0
BRH:0
end_of_record
TN:
SF:src/dao/CandidateAddOnV1_1.sol
DA:20,0
FN:20,CandidateAddOnV1_1.onlyCandidate
FNDA:0,CandidateAddOnV1_1.onlyCandidate
DA:21,0
BRDA:21,0,0,-
BRDA:21,0,1,-
DA:30,327
FN:30,CandidateAddOnV1_1.initialize
FNDA:327,CandidateAddOnV1_1.initialize
DA:38,327
BRDA:38,1,0,-
BRDA:38,1,1,327
DA:39,327
BRDA:39,2,0,-
BRDA:39,2,1,327
DA:46,327
BRDA:46,3,0,-
BRDA:46,3,1,327
DA:48,327
DA:49,327
DA:51,327
DA:52,327
DA:53,327
DA:54,327
DA:55,327
DA:57,327
DA:58,327
DA:63,0
FN:63,CandidateAddOnV1_1.setMemo
FNDA:0,CandidateAddOnV1_1.setMemo
DA:64,0
DA:65,0
DA:74,0
FN:74,CandidateAddOnV1_1.changeMember
FNDA:0,CandidateAddOnV1_1.changeMember
DA:79,0
DA:84,0
FN:84,CandidateAddOnV1_1.retireMember
FNDA:0,CandidateAddOnV1_1.retireMember
DA:85,0
DA:92,0
FN:92,CandidateAddOnV1_1.castVote
FNDA:0,CandidateAddOnV1_1.castVote
DA:100,0
DA:106,0
FN:106,CandidateAddOnV1_1.claimActivityReward
FNDA:0,CandidateAddOnV1_1.claimActivityReward
DA:110,0
DA:118,93
FN:118,CandidateAddOnV1_1.updateSeigniorage
FNDA:93,CandidateAddOnV1_1.updateSeigniorage
DA:120,93
BRDA:120,4,0,-
BRDA:120,4,1,92
DA:121,92
DA:128,0
FN:128,CandidateAddOnV1_1.supportsInterface
FNDA:0,CandidateAddOnV1_1.supportsInterface
DA:129,0
DA:134,0
FN:134,CandidateAddOnV1_1.totalStaked
FNDA:0,CandidateAddOnV1_1.totalStaked
DA:139,0
DA:140,0
DA:146,0
FN:146,CandidateAddOnV1_1.stakedOf
FNDA:0,CandidateAddOnV1_1.stakedOf
DA:153,0
DA:154,0
DA:160,0
FN:160,CandidateAddOnV1_1.isCandidateContract
FNDA:0,CandidateAddOnV1_1.isCandidateContract
DA:161,0
DA:164,0
FN:164,CandidateAddOnV1_1.isCandidateFwContract
FNDA:0,CandidateAddOnV1_1.isCandidateFwContract
DA:165,0
DA:169,1121
FN:169,CandidateAddOnV1_1.operator
FNDA:1121,CandidateAddOnV1_1.operator
DA:170,327
FN:170,CandidateAddOnV1_1.isLayer2
FNDA:327,CandidateAddOnV1_1.isLayer2
DA:171,0
FN:171,CandidateAddOnV1_1.currentFork
FNDA:0,CandidateAddOnV1_1.currentFork
DA:172,0
FN:172,CandidateAddOnV1_1.lastEpoch
FNDA:0,CandidateAddOnV1_1.lastEpoch
DA:176,0
FN:176,CandidateAddOnV1_1._getCoinageToken
FNDA:0,CandidateAddOnV1_1._getCoinageToken
DA:177,0
FNF:18
FNH:4
LF:47
LH:18
BRF:10
BRH:4
end_of_record
TN:
SF:src/dao/DAOCommitteeOwner.sol
DA:164,423
FN:164,DAOCommitteeOwner.onlyOwner
FNDA:423,DAOCommitteeOwner.onlyOwner
DA:165,423
BRDA:165,0,0,-
BRDA:165,0,1,-
DA:171,0
FN:171,DAOCommitteeOwner.validMemberIndex
FNDA:0,DAOCommitteeOwner.validMemberIndex
DA:172,0
BRDA:172,1,0,-
BRDA:172,1,1,-
DA:176,423
FN:176,DAOCommitteeOwner.nonZero
FNDA:423,DAOCommitteeOwner.nonZero
DA:177,423
BRDA:177,2,0,-
BRDA:177,2,1,423
DA:183,0
FN:183,DAOCommitteeOwner.setCooldownTime
FNDA:0,DAOCommitteeOwner.setCooldownTime
DA:189,0
DA:190,0
DA:195,423
FN:195,DAOCommitteeOwner.setCandidateAddOnFactory
FNDA:423,DAOCommitteeOwner.setCandidateAddOnFactory
DA:200,423
BRDA:200,3,0,-
DA:201,423
DA:203,423
DA:208,423
FN:208,DAOCommitteeOwner.setLayer2Manager
FNDA:423,DAOCommitteeOwner.setLayer2Manager
DA:213,423
BRDA:213,4,0,-
DA:214,423
DA:215,423
DA:220,423
FN:220,DAOCommitteeOwner.setSeigManager
FNDA:423,DAOCommitteeOwner.setSeigManager
DA:221,423
BRDA:221,5,0,-
DA:222,423
DA:223,423
DA:228,0
FN:228,DAOCommitteeOwner.setDaoVault
FNDA:0,DAOCommitteeOwner.setDaoVault
DA:229,0
BRDA:229,6,0,-
DA:230,0
DA:231,0
DA:236,423
FN:236,DAOCommitteeOwner.setLayer2Registry
FNDA:423,DAOCommitteeOwner.setLayer2Registry
DA:237,423
BRDA:237,7,0,-
DA:238,423
DA:239,423
DA:244,0
FN:244,DAOCommitteeOwner.setAgendaManager
FNDA:0,DAOCommitteeOwner.setAgendaManager
DA:245,0
BRDA:245,8,0,-
DA:246,0
DA:247,0
DA:252,423
FN:252,DAOCommitteeOwner.setCandidateFactory
FNDA:423,DAOCommitteeOwner.setCandidateFactory
DA:253,423
BRDA:253,9,0,-
DA:254,423
DA:255,423
DA:260,0
FN:260,DAOCommitteeOwner.setTon
FNDA:0,DAOCommitteeOwner.setTon
DA:261,0
BRDA:261,10,0,-
DA:262,0
DA:263,0
DA:268,0
FN:268,DAOCommitteeOwner.setWton
FNDA:0,DAOCommitteeOwner.setWton
DA:269,0
BRDA:269,11,0,-
DA:270,0
DA:271,0
DA:277,0
FN:277,DAOCommitteeOwner.increaseMaxMember
FNDA:0,DAOCommitteeOwner.increaseMaxMember
DA:284,0
BRDA:284,12,0,-
BRDA:284,12,1,-
DA:285,0
DA:286,0
DA:287,0
DA:288,0
DA:289,0
DA:294,0
FN:294,DAOCommitteeOwner.setQuorum
FNDA:0,DAOCommitteeOwner.setQuorum
DA:301,0
DA:307,0
FN:307,DAOCommitteeOwner.decreaseMaxMember
FNDA:0,DAOCommitteeOwner.decreaseMaxMember
DA:315,0
DA:316,0
DA:318,0
DA:319,0
BRDA:319,13,0,-
DA:320,0
DA:322,0
DA:323,0
DA:326,0
BRDA:326,14,0,-
DA:327,0
DA:328,0
BRDA:328,15,0,-
BRDA:328,15,1,-
DA:329,0
DA:331,0
DA:333,0
DA:336,0
DA:337,0
DA:338,0
DA:340,0
DA:341,0
DA:346,0
FN:346,DAOCommitteeOwner.setActivityRewardPerSecond
FNDA:0,DAOCommitteeOwner.setActivityRewardPerSecond
DA:347,0
DA:348,0
DA:355,0
FN:355,DAOCommitteeOwner.setCandidatesSeigManager
FNDA:0,DAOCommitteeOwner.setCandidatesSeigManager
DA:363,0
DA:364,0
DA:371,0
FN:371,DAOCommitteeOwner.setCandidatesCommittee
FNDA:0,DAOCommitteeOwner.setCandidatesCommittee
DA:379,0
DA:380,0
DA:386,0
FN:386,DAOCommitteeOwner.setBurntAmountAtDAO
FNDA:0,DAOCommitteeOwner.setBurntAmountAtDAO
DA:393,0
DA:399,0
FN:399,DAOCommitteeOwner.daoExecuteTransaction
FNDA:0,DAOCommitteeOwner.daoExecuteTransaction
DA:407,0
BRDA:407,16,0,-
BRDA:407,16,1,-
DA:408,0
DA:410,0
DA:414,0
FN:414,DAOCommitteeOwner._fillMemberSlot
FNDA:0,DAOCommitteeOwner._fillMemberSlot
DA:415,0
DA:416,0
DA:422,0
FN:422,DAOCommitteeOwner._setQuorum
FNDA:0,DAOCommitteeOwner._setQuorum
DA:427,0
BRDA:427,17,0,-
BRDA:427,17,1,-
DA:428,0
BRDA:428,18,0,-
BRDA:428,18,1,-
DA:429,0
DA:430,0
FNF:23
FNH:7
LF:96
LH:24
BRF:27
BRH:1
end_of_record
TN:
SF:src/dao/DAOCommittee_V1.sol
DA:118,0
FN:118,DAOCommittee_V1.onlyOwner
FNDA:0,DAOCommittee_V1.onlyOwner
DA:119,0
BRDA:119,0,0,-
BRDA:119,0,1,-
DA:123,0
FN:123,DAOCommittee_V1.validMemberIndex
FNDA:0,DAOCommittee_V1.validMemberIndex
DA:124,0
BRDA:124,1,0,-
BRDA:124,1,1,-
DA:128,0
FN:128,DAOCommittee_V1.nonZero
FNDA:0,DAOCommittee_V1.nonZero
DA:129,0
BRDA:129,2,0,-
BRDA:129,2,1,-
DA:138,0
FN:138,DAOCommittee_V1.removeFromBlacklist
FNDA:0,DAOCommittee_V1.removeFromBlacklist
DA:139,0
BRDA:139,3,0,-
BRDA:139,3,1,-
DA:140,0
DA:145,0
FN:145,DAOCommittee_V1.createCandidate
FNDA:0,DAOCommittee_V1.createCandidate
DA:151,0
DA:152,0
BRDA:152,4,0,-
BRDA:152,4,1,-
DA:155,0
DA:163,0
BRDA:163,5,0,-
BRDA:163,5,1,-
DA:168,0
BRDA:168,6,0,-
BRDA:168,6,1,-
DA:173,0
DA:181,0
DA:183,0
DA:190,0
FN:190,DAOCommittee_V1.createCandidateOwner
FNDA:0,DAOCommittee_V1.createCandidateOwner
DA:198,0
DA:206,0
BRDA:206,7,0,-
BRDA:206,7,1,-
DA:212,0
DA:220,0
DA:223,0
BRDA:223,8,0,-
BRDA:223,8,1,-
DA:228,0
DA:235,327
FN:235,DAOCommittee_V1.createCandidateAddOn
FNDA:327,DAOCommittee_V1.createCandidateAddOn
DA:239,327
BRDA:239,9,0,-
DA:242,327
DA:248,327
BRDA:248,10,0,-
DA:249,327
BRDA:249,11,0,-
DA:251,327
DA:259,327
DA:261,327
BRDA:261,12,0,-
DA:262,327
DA:264,327
DA:271,0
FN:271,DAOCommittee_V1.registerLayer2CandidateByOwner
FNDA:0,DAOCommittee_V1.registerLayer2CandidateByOwner
DA:275,0
DA:281,0
FN:281,DAOCommittee_V1.changeMember
FNDA:0,DAOCommittee_V1.changeMember
DA:288,0
DA:289,0
DA:290,0
DA:291,0
BRDA:291,13,0,-
BRDA:291,13,1,-
DA:293,0
DA:294,0
BRDA:294,14,0,-
BRDA:294,14,1,-
DA:298,0
BRDA:298,15,0,-
BRDA:298,15,1,-
DA:302,0
BRDA:302,16,0,-
BRDA:302,16,1,-
DA:303,0
BRDA:303,17,0,-
BRDA:303,17,1,-
DA:304,0
BRDA:304,18,0,-
BRDA:304,18,1,-
DA:309,0
DA:310,0
DA:312,0
DA:313,0
DA:315,0
DA:316,0
DA:318,0
BRDA:318,19,0,-
DA:319,0
DA:320,0
DA:323,0
BRDA:323,20,0,-
BRDA:323,20,1,-
DA:328,0
DA:329,0
DA:330,0
BRDA:330,21,0,-
BRDA:330,21,1,-
DA:331,0
DA:333,0
DA:335,0
DA:337,0
DA:339,0
DA:347,0
FN:347,DAOCommittee_V1.retireMember
FNDA:0,DAOCommittee_V1.retireMember
DA:348,0
DA:349,0
DA:350,0
BRDA:350,22,0,-
BRDA:350,22,1,-
DA:354,0
BRDA:354,23,0,-
BRDA:354,23,1,-
DA:358,0
DA:359,0
BRDA:359,24,0,-
BRDA:359,24,1,-
DA:360,0
DA:362,0
DA:364,0
DA:366,0
DA:367,0
DA:369,0
DA:370,0
DA:372,0
DA:374,0
DA:380,0
FN:380,DAOCommittee_V1.setMemoOnCandidate
FNDA:0,DAOCommittee_V1.setMemoOnCandidate
DA:386,0
DA:387,0
DA:393,0
FN:393,DAOCommittee_V1.setMemoOnCandidateContract
FNDA:0,DAOCommittee_V1.setMemoOnCandidateContract
DA:399,0
DA:400,0
DA:401,0
BRDA:401,25,0,-
DA:402,0
DA:404,0
BRDA:404,26,0,-
BRDA:404,26,1,-
DA:409,0
DA:410,0
DA:421,0
FN:421,DAOCommittee_V1.onApprove
FNDA:0,DAOCommittee_V1.onApprove
DA:427,0
BRDA:427,27,0,-
BRDA:427,27,1,-
DA:428,0
DA:429,0
BRDA:429,28,0,-
BRDA:429,28,1,-
DA:430,0
BRDA:430,29,0,-
BRDA:430,29,1,-
DA:431,0
BRDA:431,30,0,-
BRDA:431,30,1,-
DA:432,0
BRDA:432,31,0,-
BRDA:432,31,1,-
DA:434,0
DA:435,0
BRDA:435,32,0,-
DA:436,0
DA:437,0
DA:439,0
BRDA:439,33,0,-
BRDA:439,33,1,-
DA:440,0
BRDA:440,34,0,-
BRDA:440,34,1,-
DA:441,0
DA:442,0
DA:443,0
DA:444,0
BRDA:444,35,0,-
BRDA:444,35,1,-
DA:445,0
BRDA:445,36,0,-
DA:446,0
DA:451,0
DA:460,0
DA:467,0
FN:467,DAOCommittee_V1.castVote
FNDA:0,DAOCommittee_V1.castVote
DA:475,0
DA:476,0
DA:477,0
BRDA:477,37,0,-
BRDA:477,37,1,-
DA:481,0
BRDA:481,38,0,-
BRDA:481,38,1,-
DA:483,0
DA:489,0
DA:491,0
BRDA:491,39,0,-
BRDA:491,39,1,-
DA:493,0
DA:494,0
DA:495,0
BRDA:495,40,0,-
BRDA:495,40,1,-
DA:497,0
DA:498,0
DA:500,0
DA:501,0
DA:503,0
BRDA:503,41,0,-
DA:505,0
DA:506,0
DA:510,0
DA:517,0
FN:517,DAOCommittee_V1.currentAgendaStatus
FNDA:0,DAOCommittee_V1.currentAgendaStatus
DA:520,0
DA:521,0
DA:522,0
BRDA:522,42,0,-
BRDA:522,42,1,-
DA:524,0
DA:525,0
BRDA:525,43,0,-
BRDA:525,43,1,-
DA:527,0
DA:528,0
BRDA:528,44,0,-
DA:529,0
DA:530,0
BRDA:530,45,0,-
BRDA:530,45,1,-
DA:532,0
DA:533,0
DA:534,0
BRDA:534,46,0,-
BRDA:534,46,1,-
DA:535,0
DA:537,0
DA:539,0
DA:540,0
BRDA:540,47,0,-
BRDA:540,47,1,-
DA:542,0
DA:543,0
DA:544,0
DA:545,0
BRDA:545,48,0,-
BRDA:545,48,1,-
DA:547,0
DA:548,0
DA:549,0
DA:552,0
DA:553,0
DA:554,0
DA:562,0
FN:562,DAOCommittee_V1.executeAgenda
FNDA:0,DAOCommittee_V1.executeAgenda
DA:563,0
BRDA:563,49,0,-
BRDA:563,49,1,-
DA:568,0
DA:571,0
DA:573,0
BRDA:573,50,0,-
DA:574,0
DA:575,0
DA:576,0
DA:577,0
BRDA:577,51,0,-
BRDA:577,51,1,-
DA:581,0
DA:588,0
FN:588,DAOCommittee_V1.setAgendaStatus
FNDA:0,DAOCommittee_V1.setAgendaStatus
DA:589,0
DA:590,0
DA:596,0
FN:596,DAOCommittee_V1.updateSeigniorage
FNDA:0,DAOCommittee_V1.updateSeigniorage
DA:597,0
DA:598,0
DA:602,0
FN:602,DAOCommittee_V1.claimActivityReward
FNDA:0,DAOCommittee_V1.claimActivityReward
DA:603,0
DA:604,0
DA:605,0
BRDA:605,52,0,-
BRDA:605,52,1,-
DA:609,0
BRDA:609,53,0,-
BRDA:609,53,1,-
DA:610,0
DA:611,0
BRDA:611,54,0,-
BRDA:611,54,1,-
DA:613,0
DA:614,0
DA:616,0
DA:617,0
DA:619,0
DA:626,0
FN:626,DAOCommittee_V1._toRAY
FNDA:0,DAOCommittee_V1._toRAY
DA:627,0
DA:633,0
FN:633,DAOCommittee_V1._decodeAgendaData
FNDA:0,DAOCommittee_V1._decodeAgendaData
DA:638,0
DA:644,0
FN:644,DAOCommittee_V1._toBytes
FNDA:0,DAOCommittee_V1._toBytes
DA:645,0
DA:650,0
FN:650,DAOCommittee_V1._payCreatingAgendaFee
FNDA:0,DAOCommittee_V1._payCreatingAgendaFee
DA:651,0
DA:653,0
DA:654,0
DA:661,0
FN:661,DAOCommittee_V1._registerLayer2Candidate
FNDA:0,DAOCommittee_V1._registerLayer2Candidate
DA:667,0
BRDA:667,55,0,-
BRDA:667,55,1,-
DA:669,0
BRDA:669,56,0,-
BRDA:669,56,1,-
DA:674,0
DA:675,0
BRDA:675,57,0,-
BRDA:675,57,1,-
DA:679,0
BRDA:679,58,0,-
BRDA:679,58,1,-
DA:684,0
DA:692,0
BRDA:692,59,0,-
BRDA:692,59,1,-
DA:697,0
DA:705,0
DA:706,0
DA:708,0
DA:719,0
FN:719,DAOCommittee_V1._createAgenda
FNDA:0,DAOCommittee_V1._createAgenda
DA:732,0
DA:734,0
DA:742,0
DA:751,0
DA:757,0
FN:757,DAOCommittee_V1.isCandidate
FNDA:0,DAOCommittee_V1.isCandidate
DA:758,0
DA:760,0
BRDA:760,60,0,-
DA:761,0
DA:764,0
DA:769,0
BRDA:769,61,0,-
DA:770,0
DA:773,0
DA:779,0
FN:779,DAOCommittee_V1.totalSupplyOnCandidate
FNDA:0,DAOCommittee_V1.totalSupplyOnCandidate
DA:786,0
DA:787,0
DA:794,0
FN:794,DAOCommittee_V1.balanceOfOnCandidate
FNDA:0,DAOCommittee_V1.balanceOfOnCandidate
DA:802,0
DA:803,0
DA:809,0
FN:809,DAOCommittee_V1.totalSupplyOnCandidateContract
FNDA:0,DAOCommittee_V1.totalSupplyOnCandidateContract
DA:816,0
BRDA:816,62,0,-
BRDA:816,62,1,-
DA:818,0
DA:825,0
FN:825,DAOCommittee_V1.balanceOfOnCandidateContract
FNDA:0,DAOCommittee_V1.balanceOfOnCandidateContract
DA:833,0
BRDA:833,63,0,-
BRDA:833,63,1,-
DA:835,0
DA:840,0
FN:840,DAOCommittee_V1.candidatesLength
FNDA:0,DAOCommittee_V1.candidatesLength
DA:841,0
DA:846,0
FN:846,DAOCommittee_V1.isExistCandidate
FNDA:0,DAOCommittee_V1.isExistCandidate
DA:847,0
DA:853,0
FN:853,DAOCommittee_V1.getClaimableActivityReward
FNDA:0,DAOCommittee_V1.getClaimableActivityReward
DA:854,0
DA:855,0
DA:857,0
BRDA:857,64,0,-
DA:858,0
BRDA:858,65,0,-
BRDA:858,65,1,-
DA:859,0
DA:861,0
DA:865,0
DA:871,0
FN:871,DAOCommittee_V1.getOldCandidateInfos
FNDA:0,DAOCommittee_V1.getOldCandidateInfos
DA:872,0
DA:880,0
FN:880,DAOCommittee_V1.operatorAmountCheck
FNDA:0,DAOCommittee_V1.operatorAmountCheck
DA:881,0
DA:882,0
DA:888,0
FN:888,DAOCommittee_V1.operatorCheck
FNDA:0,DAOCommittee_V1.operatorCheck
DA:889,0
DA:890,0
DA:891,0
BRDA:891,66,0,-
BRDA:891,66,1,-
DA:892,0
DA:893,0
DA:895,0
DA:896,0
FNF:36
FNH:1
LF:260
LH:10
BRF:120
BRH:0
end_of_record
TN:
SF:src/dao/StorageStateCommittee.sol
DA:39,0
FN:39,StorageStateCommittee.validAgendaManager
FNDA:0,StorageStateCommittee.validAgendaManager
DA:40,0
BRDA:40,0,0,-
BRDA:40,0,1,-
DA:44,0
FN:44,StorageStateCommittee.validCommitteeL2Factory
FNDA:0,StorageStateCommittee.validCommitteeL2Factory
DA:45,0
BRDA:45,1,0,-
BRDA:45,1,1,-
DA:49,0
FN:49,StorageStateCommittee.validLayer2Registry
FNDA:0,StorageStateCommittee.validLayer2Registry
DA:50,0
BRDA:50,2,0,-
BRDA:50,2,1,-
DA:54,0
FN:54,StorageStateCommittee.validSeigManager
FNDA:0,StorageStateCommittee.validSeigManager
DA:55,0
BRDA:55,3,0,-
BRDA:55,3,1,-
DA:59,0
FN:59,StorageStateCommittee.onlyMember
FNDA:0,StorageStateCommittee.onlyMember
DA:60,0
BRDA:60,4,0,-
BRDA:60,4,1,-
DA:64,0
FN:64,StorageStateCommittee.onlyMemberContract
FNDA:0,StorageStateCommittee.onlyMemberContract
DA:65,0
DA:66,0
BRDA:66,5,0,-
BRDA:66,5,1,-
DA:70,0
FN:70,StorageStateCommittee.isMember
FNDA:0,StorageStateCommittee.isMember
DA:71,0
DA:74,0
FN:74,StorageStateCommittee.candidateContract
FNDA:0,StorageStateCommittee.candidateContract
DA:75,0
DA:78,0
FN:78,StorageStateCommittee.candidateInfos
FNDA:0,StorageStateCommittee.candidateInfos
DA:79,0
FNF:9
FNH:0
LF:19
LH:0
BRF:12
BRH:0
end_of_record
TN:
SF:src/dao/factory/CandidateAddOnFactory.sol
DA:32,327
FN:32,CandidateAddOnFactory.onlyDAOCommittee
FNDA:327,CandidateAddOnFactory.onlyDAOCommittee
DA:33,327
BRDA:33,0,0,-
BRDA:33,0,1,327
DA:37,423
FN:37,CandidateAddOnFactory.setAddress
FNDA:423,CandidateAddOnFactory.setAddress
DA:45,423
BRDA:45,1,0,-
BRDA:45,1,1,423
DA:50,423
BRDA:50,2,0,-
BRDA:50,2,1,423
DA:55,423
DA:56,423
DA:57,423
DA:58,423
DA:59,423
DA:61,423
DA:72,327
FN:72,CandidateAddOnFactory.deploy
FNDA:327,CandidateAddOnFactory.deploy
DA:81,327
BRDA:81,3,0,-
BRDA:81,3,1,327
DA:82,327
DA:83,327
BRDA:83,4,0,-
BRDA:83,4,1,327
DA:85,327
DA:86,327
DA:94,327
DA:95,327
DA:104,327
FNF:3
FNH:3
LF:20
LH:20
BRF:10
BRH:5
end_of_record
TN:
SF:src/dao/factory/CandidateFactory.sol
DA:24,423
FN:24,CandidateFactory.setAddress
FNDA:423,CandidateFactory.setAddress
DA:31,423
BRDA:31,0,0,-
BRDA:31,0,1,423
DA:35,423
BRDA:35,1,0,-
BRDA:35,1,1,423
DA:39,423
DA:40,423
DA:41,423
DA:42,423
DA:43,423
DA:46,0
FN:46,CandidateFactory.deploy
FNDA:0,CandidateFactory.deploy
DA:56,0
BRDA:56,2,0,-
BRDA:56,2,1,-
DA:57,0
BRDA:57,3,0,-
BRDA:57,3,1,-
DA:58,0
DA:59,0
BRDA:59,4,0,-
BRDA:59,4,1,-
DA:61,0
DA:63,0
DA:71,0
DA:73,0
DA:82,0
FNF:2
FNH:1
LF:18
LH:8
BRF:10
BRH:2
end_of_record
TN:
SF:src/dao/lib/BytesLib.sol
DA:13,0
FN:13,BytesLib.slice
FNDA:0,BytesLib.slice
DA:22,0
BRDA:22,0,0,-
BRDA:22,0,1,-
DA:23,0
BRDA:23,1,0,-
BRDA:23,1,1,-
DA:25,0
DA:28,0
DA:29,0
DA:32,0
DA:42,0
DA:48,0
DA:49,0
DA:54,0
DA:55,0
DA:56,0
DA:57,0
DA:58,0
DA:59,0
DA:62,0
DA:66,0
DA:69,0
DA:70,0
DA:73,0
DA:75,0
DA:79,0
DA:82,0
FN:82,BytesLib.equal
FNDA:0,BytesLib.equal
DA:83,0
DA:86,0
DA:89,0
DA:90,0
DA:95,0
DA:97,0
DA:98,0
DA:101,0
DA:104,0
DA:105,0
DA:106,0
DA:107,0
DA:109,0
BRDA:109,2,0,-
DA:111,0
DA:112,0
DA:116,0
DA:118,0
DA:122,0
FNF:2
FNH:0
LF:42
LH:0
BRF:5
BRH:0
end_of_record
TN:
SF:src/layer2/L1BridgeRegistryV1_2.sol
DA:140,2
FN:140,L1BridgeRegistryV1_2.onlySeigniorageCommittee
FNDA:2,L1BridgeRegistryV1_2.onlySeigniorageCommittee
DA:141,2
DA:145,3
FN:145,L1BridgeRegistryV1_2._onlySeigniorageCommittee
FNDA:3,L1BridgeRegistryV1_2._onlySeigniorageCommittee
DA:146,3
BRDA:146,0,0,1
BRDA:146,0,1,2
DA:153,0
FN:153,L1BridgeRegistryV1_2.onlyTypeRegistrant
FNDA:0,L1BridgeRegistryV1_2.onlyTypeRegistrant
DA:154,0
DA:158,4
FN:158,L1BridgeRegistryV1_2._onlyTypeRegistrant
FNDA:4,L1BridgeRegistryV1_2._onlyTypeRegistrant
DA:159,4
DA:160,4
BRDA:160,1,0,2
BRDA:160,1,1,2
DA:161,2
BRDA:161,2,0,2
DA:163,2
BRDA:163,3,0,-
DA:174,504
FN:174,L1BridgeRegistryV1_2.setAddresses
FNDA:504,L1BridgeRegistryV1_2.setAddresses
DA:179,504
BRDA:179,4,0,1
BRDA:179,4,1,503
DA:181,503
DA:182,503
DA:183,503
DA:184,503
DA:186,503
DA:193,43
FN:193,L1BridgeRegistryV1_2.setSeigniorageCommittee
FNDA:43,L1BridgeRegistryV1_2.setSeigniorageCommittee
DA:196,42
BRDA:196,5,0,1
BRDA:196,5,1,41
DA:197,41
DA:199,41
DA:209,2
FN:209,L1BridgeRegistryV1_2.rejectCandidateAddOn
FNDA:2,L1BridgeRegistryV1_2.rejectCandidateAddOn
DA:210,1
DA:212,1
DA:213,1
BRDA:213,6,0,1
BRDA:213,6,1,-
DA:214,0
DA:215,0
DA:217,0
DA:218,0
DA:226,1
FN:226,L1BridgeRegistryV1_2.restoreCandidateAddOn
FNDA:1,L1BridgeRegistryV1_2.restoreCandidateAddOn
DA:230,1
DA:232,0
DA:233,0
DA:234,0
DA:236,0
DA:237,0
DA:247,22
FN:247,L1BridgeRegistryV1_2.registerRollupConfigByManager.0
FNDA:22,L1BridgeRegistryV1_2.registerRollupConfigByManager.0
DA:253,22
DA:254,22
DA:257,0
FN:257,L1BridgeRegistryV1_2.registerRollupConfigByManager.1
FNDA:0,L1BridgeRegistryV1_2.registerRollupConfigByManager.1
DA:262,0
DA:263,0
DA:271,6
FN:271,L1BridgeRegistryV1_2.setTypeRegistrant
FNDA:6,L1BridgeRegistryV1_2.setTypeRegistrant
DA:272,5
DA:273,5
DA:280,7
FN:280,L1BridgeRegistryV1_2.upgradeToType3
FNDA:7,L1BridgeRegistryV1_2.upgradeToType3
DA:281,6
DA:283,6
DA:284,6
DA:287,6
BRDA:287,7,0,1
DA:289,5
BRDA:289,8,0,1
DA:292,4
DA:293,4
BRDA:293,9,0,1
DA:296,3
DA:297,3
BRDA:297,10,0,-
DA:299,3
BRDA:299,11,0,1
DA:300,3
DA:301,3
BRDA:301,12,0,1
BRDA:301,12,1,2
DA:302,1
DA:303,1
DA:304,2
BRDA:304,13,0,-
DA:305,0
DA:309,3
DA:310,3
BRDA:310,14,0,-
DA:312,0
DA:314,3
DA:315,3
DA:318,3
DA:320,3
DA:321,3
DA:332,333
FN:332,L1BridgeRegistryV1_2.registerRollupConfig.0
FNDA:333,L1BridgeRegistryV1_2.registerRollupConfig.0
DA:338,332
DA:339,332
DA:342,0
FN:342,L1BridgeRegistryV1_2.registerRollupConfig.1
FNDA:0,L1BridgeRegistryV1_2.registerRollupConfig.1
DA:347,0
DA:348,0
DA:359,4
FN:359,L1BridgeRegistryV1_2.registerRollupConfigByType.0
FNDA:4,L1BridgeRegistryV1_2.registerRollupConfigByType.0
DA:365,2
DA:366,2
DA:369,0
FN:369,L1BridgeRegistryV1_2.registerRollupConfigByType.1
FNDA:0,L1BridgeRegistryV1_2.registerRollupConfigByType.1
DA:374,0
DA:375,0
DA:385,581
FN:385,L1BridgeRegistryV1_2.rollupType
FNDA:581,L1BridgeRegistryV1_2.rollupType
DA:386,581
DA:394,1
FN:394,L1BridgeRegistryV1_2.rejectRollupConfig
FNDA:1,L1BridgeRegistryV1_2.rejectRollupConfig
DA:395,1
DA:403,0
FN:403,L1BridgeRegistryV1_2.isRejectedSeigs
FNDA:0,L1BridgeRegistryV1_2.isRejectedSeigs
DA:404,0
DA:412,0
FN:412,L1BridgeRegistryV1_2.isRejectedL2Deposit
FNDA:0,L1BridgeRegistryV1_2.isRejectedL2Deposit
DA:415,0
DA:423,1
FN:423,L1BridgeRegistryV1_2.l2Ton
FNDA:1,L1BridgeRegistryV1_2.l2Ton
DA:424,1
DA:436,342
FN:436,L1BridgeRegistryV1_2.getRollupInfo
FNDA:342,L1BridgeRegistryV1_2.getRollupInfo
DA:449,342
DA:450,342
DA:457,626
FN:457,L1BridgeRegistryV1_2.layer2Tvl
FNDA:626,L1BridgeRegistryV1_2.layer2Tvl
DA:458,626
DA:460,626
BRDA:460,15,0,-
BRDA:460,15,1,625
DA:461,0
DA:462,0
BRDA:462,16,0,-
DA:463,626
BRDA:463,17,0,625
DA:464,625
DA:465,625
BRDA:465,18,0,625
DA:475,5
FN:475,L1BridgeRegistryV1_2.availableForRegistration
FNDA:5,L1BridgeRegistryV1_2.availableForRegistration
DA:479,5
DA:484,503
FN:484,L1BridgeRegistryV1_2._nonZeroAddress
FNDA:503,L1BridgeRegistryV1_2._nonZeroAddress
DA:485,503
DA:486,0
BRDA:486,19,0,-
DA:489,363
FN:489,L1BridgeRegistryV1_2._nonRejected
FNDA:363,L1BridgeRegistryV1_2._nonRejected
DA:490,0
BRDA:490,20,0,-
DA:493,1
FN:493,L1BridgeRegistryV1_2._onlyRejectedRollupConfig
FNDA:1,L1BridgeRegistryV1_2._onlyRejectedRollupConfig
DA:494,1
BRDA:494,21,0,1
DA:497,356
FN:497,L1BridgeRegistryV1_2._registerRollupConfig
FNDA:356,L1BridgeRegistryV1_2._registerRollupConfig
DA:503,356
BRDA:503,22,0,1
DA:504,355
BRDA:504,23,0,2
DA:506,353
DA:508,353
BRDA:508,24,0,1
DA:509,352
BRDA:509,25,0,1
DA:511,351
BRDA:511,26,0,351
DA:512,351
DA:513,351
BRDA:513,27,0,-
DA:514,351
DA:515,351
DA:518,351
BRDA:518,28,0,15
DA:519,15
DA:520,15
BRDA:520,29,0,-
DA:521,15
DA:522,15
DA:523,15
DA:526,351
BRDA:526,30,0,333
DA:527,333
DA:528,333
DA:529,333
BRDA:529,31,0,-
DA:530,333
BRDA:530,32,0,-
DA:532,333
DA:533,333
DA:535,333
DA:536,333
DA:538,333
DA:541,351
DA:542,351
DA:543,351
BRDA:543,33,0,351
DA:546,351
DA:550,357
FN:550,L1BridgeRegistryV1_2._availableForRegistration
FNDA:357,L1BridgeRegistryV1_2._availableForRegistration
DA:557,357
DA:559,357
BRDA:559,34,0,357
DA:560,357
DA:562,357
BRDA:562,35,0,357
DA:563,357
BRDA:563,36,0,4
BRDA:563,36,1,334
DA:564,4
BRDA:564,37,0,4
DA:565,353
BRDA:565,38,0,18
BRDA:565,38,1,334
DA:566,18
DA:567,18
BRDA:567,39,0,18
DA:568,18
BRDA:568,40,0,16
DA:570,335
BRDA:570,41,0,335
DA:571,335
DA:572,335
DA:573,335
BRDA:573,42,0,334
DA:574,334
DA:575,334
DA:576,334
BRDA:576,43,0,334
DA:585,0
FN:585,L1BridgeRegistryV1_2._resetRollupConfig
FNDA:0,L1BridgeRegistryV1_2._resetRollupConfig
DA:586,0
DA:587,0
BRDA:587,44,0,-
DA:589,0
DA:590,0
DA:591,0
DA:593,0
BRDA:593,45,0,-
DA:594,0
DA:595,0
BRDA:595,46,0,-
DA:597,0
BRDA:597,47,0,-
DA:598,0
BRDA:598,48,0,-
DA:602,0
DA:603,0
DA:604,0
DA:605,0
DA:606,0
FNF:30
FNH:23
LF:178
LH:132
BRF:58
BRH:40
end_of_record
TN:
SF:src/layer2/Layer2ManagerStorage.sol
DA:41,2
FN:41,Layer2ManagerStorage.ifFree
FNDA:2,Layer2ManagerStorage.ifFree
DA:42,2
BRDA:42,0,0,-
BRDA:42,0,1,1
DA:43,2
DA:45,1
FNF:1
FNH:1
LF:4
LH:4
BRF:2
BRH:1
end_of_record
TN:
SF:src/layer2/Layer2ManagerV3.sol
DA:115,95
FN:115,Layer2ManagerV3.onlySeigManger
FNDA:95,Layer2ManagerV3.onlySeigManger
DA:116,95
DA:120,95
FN:120,Layer2ManagerV3._onlySeigManger
FNDA:95,Layer2ManagerV3._onlySeigManger
DA:121,95
BRDA:121,0,0,1
BRDA:121,0,1,94
DA:124,3
FN:124,Layer2ManagerV3.onlyL1BridgeRegistry
FNDA:3,Layer2ManagerV3.onlyL1BridgeRegistry
DA:125,3
DA:129,5
FN:129,Layer2ManagerV3._onlyL1BridgeRegistry
FNDA:5,Layer2ManagerV3._onlyL1BridgeRegistry
DA:130,5
BRDA:130,1,0,2
BRDA:130,1,1,3
DA:136,504
FN:136,Layer2ManagerV3.setAddresses1
FNDA:504,Layer2ManagerV3.setAddresses1
DA:142,504
BRDA:142,2,0,1
BRDA:142,2,1,503
DA:144,503
DA:145,503
DA:146,503
DA:147,503
DA:149,503
DA:153,504
FN:153,Layer2ManagerV3.setAddresses2
FNDA:504,Layer2ManagerV3.setAddresses2
DA:159,504
BRDA:159,3,0,-
BRDA:159,3,1,504
DA:160,504
BRDA:160,4,0,1
BRDA:160,4,1,503
DA:162,503
DA:163,503
DA:164,503
DA:165,503
DA:167,503
DA:170,4
FN:170,Layer2ManagerV3.setOperatorManagerFactory
FNDA:4,Layer2ManagerV3.setOperatorManagerFactory
DA:173,3
BRDA:173,5,0,2
BRDA:173,5,1,1
DA:174,1
DA:175,1
DA:183,5
FN:183,Layer2ManagerV3.setMinimumInitialDepositAmount
FNDA:5,Layer2ManagerV3.setMinimumInitialDepositAmount
DA:184,4
BRDA:184,6,0,2
BRDA:184,6,1,2
DA:185,2
DA:187,2
DA:197,3
FN:197,Layer2ManagerV3.pauseCandidateAddOn
FNDA:3,Layer2ManagerV3.pauseCandidateAddOn
DA:198,2
DA:200,2
BRDA:200,7,0,1
DA:202,1
DA:203,1
DA:205,1
BRDA:205,8,0,-
DA:207,1
DA:208,1
DA:216,2
FN:216,Layer2ManagerV3.unpauseCandidateAddOn
FNDA:2,Layer2ManagerV3.unpauseCandidateAddOn
DA:217,1
DA:219,1
BRDA:219,9,0,1
DA:221,0
DA:222,0
DA:224,0
DA:225,0
DA:227,0
BRDA:227,10,0,-
DA:237,95
FN:237,Layer2ManagerV3.transferL2Seigniorage
FNDA:95,Layer2ManagerV3.transferL2Seigniorage
DA:239,94
DA:240,94
BRDA:240,11,0,1
BRDA:240,11,1,93
DA:242,93
DA:244,93
DA:257,332
FN:257,Layer2ManagerV3.registerCandidateAddOn
FNDA:332,Layer2ManagerV3.registerCandidateAddOn
DA:265,332
DA:266,331
BRDA:266,12,0,1
DA:267,330
BRDA:267,13,0,1
DA:269,329
BRDA:269,14,0,1
DA:270,328
DA:280,7
FN:280,Layer2ManagerV3.onApprove
FNDA:7,Layer2ManagerV3.onApprove
DA:281,7
BRDA:281,15,0,1
DA:283,6
BRDA:283,16,0,1
DA:285,5
DA:286,5
DA:287,5
BRDA:287,17,0,1
DA:289,4
DA:290,4
DA:291,4
DA:294,4
DA:296,3
BRDA:296,18,0,1
DA:298,2
BRDA:298,19,0,1
DA:303,1
BRDA:303,20,0,1
BRDA:303,20,1,-
DA:304,0
DA:306,0
DA:316,1
FN:316,Layer2ManagerV3.rollupConfigOfOperator
FNDA:1,Layer2ManagerV3.rollupConfigOfOperator
DA:317,1
DA:325,329
FN:325,Layer2ManagerV3.operatorOfRollupConfig
FNDA:329,Layer2ManagerV3.operatorOfRollupConfig
DA:326,329
DA:334,1
FN:334,Layer2ManagerV3.candidateAddOnOfOperator
FNDA:1,Layer2ManagerV3.candidateAddOnOfOperator
DA:335,1
DA:344,168
FN:344,Layer2ManagerV3.statusLayer2
FNDA:168,Layer2ManagerV3.statusLayer2
DA:345,168
DA:354,3
FN:354,Layer2ManagerV3.checkLayer2Tvl
FNDA:3,Layer2ManagerV3.checkLayer2Tvl
DA:355,3
DA:366,3
FN:366,Layer2ManagerV3.checkL1Bridge
FNDA:3,Layer2ManagerV3.checkL1Bridge
DA:367,3
DA:370,2
FN:370,Layer2ManagerV3.availableRegister
FNDA:2,Layer2ManagerV3.availableRegister
DA:371,2
DA:374,4
FN:374,Layer2ManagerV3.verifyOperator
FNDA:4,Layer2ManagerV3.verifyOperator
DA:376,4
DA:377,2
DA:378,1
BRDA:378,21,0,1
DA:394,4
FN:394,Layer2ManagerV3.checkL1BridgeDetail
FNDA:4,Layer2ManagerV3.checkL1BridgeDetail
DA:406,4
DA:409,7
FN:409,Layer2ManagerV3._checkL1BridgeDetail
FNDA:7,Layer2ManagerV3._checkL1BridgeDetail
DA:415,7
DA:417,7
DA:419,7
BRDA:419,22,0,3
DA:421,3
DA:423,3
BRDA:423,23,0,3
DA:424,3
BRDA:424,24,0,-
DA:426,3
BRDA:426,25,0,-
DA:427,0
DA:428,0
DA:432,3
BRDA:432,26,0,-
DA:433,0
DA:435,0
BRDA:435,27,0,-
BRDA:435,27,1,-
DA:436,0
DA:441,747
FN:441,Layer2ManagerV3.layerInfo
FNDA:747,Layer2ManagerV3.layerInfo
DA:442,747
DA:443,747
DA:450,337
FN:450,Layer2ManagerV3._nonZeroAddress
FNDA:337,Layer2ManagerV3._nonZeroAddress
DA:451,337
BRDA:451,28,0,2
DA:454,327
FN:454,Layer2ManagerV3._registerCandidateAddOn
FNDA:327,Layer2ManagerV3._registerCandidateAddOn
DA:459,327
DA:461,327
BRDA:461,29,0,-
DA:462,327
BRDA:462,30,0,-
DA:464,327
DA:465,327
DA:466,327
DA:471,327
DA:476,327
DA:478,327
BRDA:478,31,0,300
DA:479,327
BRDA:479,32,0,-
DA:483,333
FN:483,Layer2ManagerV3._availableRegister
FNDA:333,Layer2ManagerV3._availableRegister
DA:485,333
DA:486,333
DA:490,3
FN:490,Layer2ManagerV3._checkLayer2Tvl
FNDA:3,Layer2ManagerV3._checkLayer2Tvl
DA:492,3
DA:494,3
BRDA:494,33,0,-
BRDA:494,33,1,-
DA:496,0
DA:497,0
BRDA:497,34,0,-
DA:498,0
DA:499,0
DA:502,3
BRDA:502,35,0,-
DA:503,0
DA:504,0
BRDA:504,36,0,-
DA:505,0
DA:506,0
DA:511,329
FN:511,Layer2ManagerV3._transferDepositAmount
FNDA:329,Layer2ManagerV3._transferDepositAmount
DA:518,329
DA:520,1
BRDA:520,37,0,1
BRDA:520,37,1,327
DA:521,1
DA:523,1
BRDA:523,38,0,-
DA:524,1
DA:525,0
BRDA:525,39,0,-
DA:526,0
BRDA:526,40,0,-
DA:527,0
DA:531,328
BRDA:531,41,0,1
DA:532,327
DA:533,327
DA:545,559
FN:545,Layer2ManagerV3.getBridgedTonByLayer
FNDA:559,Layer2ManagerV3.getBridgedTonByLayer
DA:546,559
DA:547,559
BRDA:547,42,0,2
DA:548,557
DA:549,557
BRDA:549,43,0,-
DA:550,557
DA:556,2
FN:556,Layer2ManagerV3.getBridgedTon
FNDA:2,Layer2ManagerV3.getBridgedTon
DA:557,2
DA:563,740
FN:563,Layer2ManagerV3.getLayer2BySystemConfig
FNDA:740,Layer2ManagerV3.getLayer2BySystemConfig
DA:564,740
DA:565,740
BRDA:565,44,0,1
DA:566,739
DA:575,559
FN:575,Layer2ManagerV3._getBridgedTon
FNDA:559,Layer2ManagerV3._getBridgedTon
DA:576,559
FNF:33
FNH:33
LF:164
LH:141
BRF:57
BRH:36
end_of_record
TN:
SF:src/layer2/LegacySystemConfig.sol
DA:11,0
FN:11,LegacySystemConfig.nonZero
FNDA:0,LegacySystemConfig.nonZero
DA:12,0
BRDA:12,0,0,-
BRDA:12,0,1,-
DA:18,0
FN:18,LegacySystemConfig.setAddresses
FNDA:0,LegacySystemConfig.setAddresses
DA:24,0
DA:25,0
DA:26,0
DA:27,0
DA:30,0
FN:30,LegacySystemConfig.setUnsafeBlockSigner
FNDA:0,LegacySystemConfig.setUnsafeBlockSigner
DA:31,0
DA:39,0
FN:39,LegacySystemConfig.l1CrossDomainMessenger
FNDA:0,LegacySystemConfig.l1CrossDomainMessenger
DA:40,0
DA:43,0
FN:43,LegacySystemConfig.l1ERC721Bridge
FNDA:0,LegacySystemConfig.l1ERC721Bridge
DA:44,0
DA:47,0
FN:47,LegacySystemConfig.l1StandardBridge
FNDA:0,LegacySystemConfig.l1StandardBridge
DA:48,0
DA:51,0
FN:51,LegacySystemConfig.l2OutputOracle
FNDA:0,LegacySystemConfig.l2OutputOracle
DA:52,0
DA:55,0
FN:55,LegacySystemConfig.optimismPortal
FNDA:0,LegacySystemConfig.optimismPortal
DA:56,0
DA:59,0
FN:59,LegacySystemConfig.optimismMintableERC20Factory
FNDA:0,LegacySystemConfig.optimismMintableERC20Factory
DA:60,0
FNF:9
FNH:0
LF:21
LH:0
BRF:2
BRH:0
end_of_record
TN:
SF:src/layer2/LegacySystemConfigProxy.sol
DA:18,0
FN:18,LegacySystemConfigProxy.onlyProxyOwner
FNDA:0,LegacySystemConfigProxy.onlyProxyOwner
DA:19,0
BRDA:19,0,0,-
BRDA:19,0,1,-
DA:23,0
FN:23,LegacySystemConfigProxy.constructor
FNDA:0,LegacySystemConfigProxy.constructor
DA:24,0
DA:31,0
FN:31,LegacySystemConfigProxy.transferProxyOwnership
FNDA:0,LegacySystemConfigProxy.transferProxyOwnership
DA:32,0
BRDA:32,1,0,-
BRDA:32,1,1,-
DA:34,0
DA:35,0
DA:36,0
DA:40,0
FN:40,LegacySystemConfigProxy.upgradeTo
FNDA:0,LegacySystemConfigProxy.upgradeTo
DA:41,0
DA:44,0
FN:44,LegacySystemConfigProxy.upgradeToAndCall
FNDA:0,LegacySystemConfigProxy.upgradeToAndCall
DA:45,0
DA:48,0
FN:48,LegacySystemConfigProxy.implementation
FNDA:0,LegacySystemConfigProxy.implementation
DA:49,0
DA:55,0
FN:55,LegacySystemConfigProxy._implementation
FNDA:0,LegacySystemConfigProxy._implementation
DA:56,0
FNF:7
FNH:0
LF:17
LH:0
BRF:4
BRH:0
end_of_record
TN:
SF:src/layer2/OperatorManagerProxy.sol
DA:16,327
FN:16,OperatorManagerProxy.constructor
FNDA:327,OperatorManagerProxy.constructor
DA:17,327
BRDA:17,0,0,-
BRDA:17,0,1,327
DA:18,327
DA:21,327
FN:21,OperatorManagerProxy._setStorageAddress
FNDA:327,OperatorManagerProxy._setStorageAddress
DA:23,327
DA:27,327
FN:27,OperatorManagerProxy.upgradeTo
FNDA:327,OperatorManagerProxy.upgradeTo
DA:28,327
DA:31,0
FN:31,OperatorManagerProxy.upgradeToAndCall
FNDA:0,OperatorManagerProxy.upgradeToAndCall
DA:32,0
DA:35,0
FN:35,OperatorManagerProxy.implementation
FNDA:0,OperatorManagerProxy.implementation
DA:36,0
DA:42,981
FN:42,OperatorManagerProxy._implementation
FNDA:981,OperatorManagerProxy._implementation
DA:43,981
FNF:6
FNH:4
LF:13
LH:9
BRF:2
BRH:1
end_of_record
TN:
SF:src/layer2/OperatorManagerStorage.sol
DA:34,0
FN:34,OperatorManagerStorage.ton
FNDA:0,OperatorManagerStorage.ton
DA:36,0
DA:40,0
FN:40,OperatorManagerStorage.wton
FNDA:0,OperatorManagerStorage.wton
DA:42,0
DA:47,0
FN:47,OperatorManagerStorage.depositManager
FNDA:0,OperatorManagerStorage.depositManager
DA:49,0
DA:54,0
FN:54,OperatorManagerStorage.layer2Manager
FNDA:0,OperatorManagerStorage.layer2Manager
DA:56,327
DA:60,327
FN:60,OperatorManagerStorage.rollupConfig
FNDA:327,OperatorManagerStorage.rollupConfig
DA:62,327
DA:66,0
FN:66,OperatorManagerStorage.manager
FNDA:0,OperatorManagerStorage.manager
DA:68,327
DA:72,1635
FN:72,OperatorManagerStorage._setStorageAddress
FNDA:1635,OperatorManagerStorage._setStorageAddress
DA:74,1635
DA:78,0
FN:78,OperatorManagerStorage.onlyManager
FNDA:0,OperatorManagerStorage.onlyManager
DA:79,0
BRDA:79,0,0,-
BRDA:79,0,1,-
DA:83,327
FN:83,OperatorManagerStorage.nonZeroAddress
FNDA:327,OperatorManagerStorage.nonZeroAddress
DA:84,327
BRDA:84,1,0,-
BRDA:84,1,1,327
FNF:9
FNH:3
LF:18
LH:8
BRF:4
BRH:1
end_of_record
TN:
SF:src/layer2/OperatorManagerV1_2.sol
DA:54,0
FN:54,OperatorManagerV1_2.onlyOwnerOrManager
FNDA:0,OperatorManagerV1_2.onlyOwnerOrManager
DA:55,0
DA:59,327
FN:59,OperatorManagerV1_2._onlyOwnerOrManager
FNDA:327,OperatorManagerV1_2._onlyOwnerOrManager
DA:60,327
BRDA:60,0,0,-
BRDA:60,0,1,327
DA:74,327
FN:74,OperatorManagerV1_2.setAddresses
FNDA:327,OperatorManagerV1_2.setAddresses
DA:79,327
DA:81,327
DA:82,327
DA:83,327
DA:84,327
DA:86,327
DA:93,327
FN:93,OperatorManagerV1_2.transferManager
FNDA:327,OperatorManagerV1_2.transferManager
DA:94,327
DA:95,327
BRDA:95,1,0,-
DA:97,327
DA:98,327
DA:101,0
FN:101,OperatorManagerV1_2.claimEth
FNDA:0,OperatorManagerV1_2.claimEth
DA:102,0
DA:105,0
FN:105,OperatorManagerV1_2.claimERC20
FNDA:0,OperatorManagerV1_2.claimERC20
DA:106,0
DA:113,0
FN:113,OperatorManagerV1_2.requestWithdrawal
FNDA:0,OperatorManagerV1_2.requestWithdrawal
DA:114,0
DA:115,0
BRDA:115,2,0,-
BRDA:115,2,1,-
DA:116,0
DA:119,0
FN:119,OperatorManagerV1_2.processRequest
FNDA:0,OperatorManagerV1_2.processRequest
DA:120,0
DA:121,0
BRDA:121,3,0,-
BRDA:121,3,1,-
DA:122,0
DA:125,0
FN:125,OperatorManagerV1_2.processRequests
FNDA:0,OperatorManagerV1_2.processRequests
DA:126,0
DA:127,0
BRDA:127,4,0,-
BRDA:127,4,1,-
DA:128,0
DA:135,0
FN:135,OperatorManagerV1_2.acquireManager
FNDA:0,OperatorManagerV1_2.acquireManager
DA:136,0
DA:137,0
BRDA:137,5,0,-
BRDA:137,5,1,-
DA:138,0
BRDA:138,6,0,-
BRDA:138,6,1,-
DA:140,0
DA:141,0
DA:144,0
FN:144,OperatorManagerV1_2.isOperator
FNDA:0,OperatorManagerV1_2.isOperator
DA:145,0
DA:148,0
FN:148,OperatorManagerV1_2.checkL1Bridge
FNDA:0,OperatorManagerV1_2.checkL1Bridge
DA:151,0
DA:154,0
FN:154,OperatorManagerV1_2.operator
FNDA:0,OperatorManagerV1_2.operator
DA:160,0
FN:160,OperatorManagerV1_2._nonZeroAddress
FNDA:0,OperatorManagerV1_2._nonZeroAddress
DA:161,0
BRDA:161,7,0,-
DA:164,327
FN:164,OperatorManagerV1_2._alreadySet
FNDA:327,OperatorManagerV1_2._alreadySet
DA:165,327
BRDA:165,8,0,-
DA:168,0
FN:168,OperatorManagerV1_2._claim
FNDA:0,OperatorManagerV1_2._claim
DA:169,0
BRDA:169,9,0,-
BRDA:169,9,1,-
DA:170,0
BRDA:170,10,0,-
DA:171,0
DA:172,0
BRDA:172,11,0,-
DA:174,0
BRDA:174,12,0,-
DA:175,0
DA:177,0
DA:180,0
FN:180,OperatorManagerV1_2._depositTo
FNDA:0,OperatorManagerV1_2._depositTo
DA:181,0
DA:182,0
DA:183,0
BRDA:183,13,0,-
DA:186,0
FN:186,OperatorManagerV1_2._onAapproveHoldingAmount
FNDA:0,OperatorManagerV1_2._onAapproveHoldingAmount
DA:187,0
DA:188,0
DA:189,0
BRDA:189,14,0,-
DA:190,0
DA:191,0
BRDA:191,15,0,-
DA:193,0
FNF:18
FNH:4
LF:66
LH:16
BRF:23
BRH:1
end_of_record
TN:
SF:src/layer2/factory/OperatorManagerFactory.sol
DA:64,503
FN:64,OperatorManagerFactory.constructor
FNDA:503,OperatorManagerFactory.constructor
DA:65,503
BRDA:65,0,0,-
BRDA:65,0,1,503
DA:66,503
DA:73,0
FN:73,OperatorManagerFactory.changeOperatorManagerImp
FNDA:0,OperatorManagerFactory.changeOperatorManagerImp
DA:74,0
DA:75,0
BRDA:75,1,0,-
DA:76,0
DA:78,0
DA:88,503
FN:88,OperatorManagerFactory.setAddresses
FNDA:503,OperatorManagerFactory.setAddresses
DA:90,503
BRDA:90,2,0,-
BRDA:90,2,1,503
DA:91,503
BRDA:91,3,0,-
BRDA:91,3,1,503
DA:92,503
BRDA:92,4,0,-
BRDA:92,4,1,503
DA:93,503
BRDA:93,5,0,-
BRDA:93,5,1,503
DA:95,503
BRDA:95,6,0,-
DA:97,503
DA:98,503
DA:99,503
DA:100,503
DA:102,503
DA:113,327
FN:113,OperatorManagerFactory.createOperatorManager
FNDA:327,OperatorManagerFactory.createOperatorManager
DA:114,327
BRDA:114,7,0,-
DA:115,327
BRDA:115,8,0,-
BRDA:115,8,1,327
DA:117,327
DA:118,327
BRDA:118,9,0,-
DA:120,327
DA:121,327
DA:122,327
DA:123,327
DA:124,327
DA:125,327
DA:126,327
DA:134,0
FN:134,OperatorManagerFactory.getAddress
FNDA:0,OperatorManagerFactory.getAddress
DA:136,327
DA:146,0
FN:146,OperatorManagerFactory._nonZeroAddress
FNDA:0,OperatorManagerFactory._nonZeroAddress
DA:147,0
BRDA:147,10,0,-
FNF:6
FNH:3
LF:35
LH:27
BRF:17
BRH:6
end_of_record
TN:
SF:src/libraries/Create2.sol
DA:31,0
FN:31,Create2.deploy
FNDA:0,Create2.deploy
DA:36,0
BRDA:36,0,0,-
BRDA:36,0,1,-
DA:37,0
BRDA:37,1,0,-
BRDA:37,1,1,-
DA:40,0
DA:42,0
BRDA:42,2,0,-
BRDA:42,2,1,-
DA:49,0
FN:49,Create2.computeAddress.0
FNDA:0,Create2.computeAddress.0
DA:50,0
DA:57,0
FN:57,Create2.computeAddress.1
FNDA:0,Create2.computeAddress.1
DA:64,0
DA:76,0
DA:77,0
DA:78,0
DA:79,0
DA:80,0
DA:81,0
FNF:3
FNH:0
LF:15
LH:0
BRF:6
BRH:0
end_of_record
TN:
SF:src/libraries/DSMath.sol
DA:5,0
FN:5,DSMath.add
FNDA:0,DSMath.add
DA:7,0
BRDA:7,0,0,-
BRDA:7,0,1,-
DA:10,0
FN:10,DSMath.sub
FNDA:0,DSMath.sub
DA:12,0
BRDA:12,1,0,-
BRDA:12,1,1,-
DA:15,7585
FN:15,DSMath.mul
FNDA:7585,DSMath.mul
DA:17,7585
BRDA:17,2,0,-
BRDA:17,2,1,7585
DA:21,0
FN:21,DSMath.min
FNDA:0,DSMath.min
DA:22,0
DA:24,0
FN:24,DSMath.max
FNDA:0,DSMath.max
DA:25,0
DA:27,0
FN:27,DSMath.imin
FNDA:0,DSMath.imin
DA:28,0
DA:30,0
FN:30,DSMath.imax
FNDA:0,DSMath.imax
DA:31,0
DA:37,0
FN:37,DSMath.wmul
FNDA:0,DSMath.wmul
DA:38,0
DA:40,0
FN:40,DSMath.rmul
FNDA:0,DSMath.rmul
DA:41,0
DA:43,0
FN:43,DSMath.wdiv
FNDA:0,DSMath.wdiv
DA:44,0
DA:46,0
FN:46,DSMath.rdiv
FNDA:0,DSMath.rdiv
DA:47,0
DA:50,0
FN:50,DSMath.wmul2
FNDA:0,DSMath.wmul2
DA:51,0
DA:53,4053
FN:53,DSMath.rmul2
FNDA:4053,DSMath.rmul2
DA:54,4053
DA:56,0
FN:56,DSMath.wdiv2
FNDA:0,DSMath.wdiv2
DA:57,0
DA:59,3532
FN:59,DSMath.rdiv2
FNDA:3532,DSMath.rdiv2
DA:60,3532
DA:78,0
FN:78,DSMath.wpow
FNDA:0,DSMath.wpow
DA:79,0
DA:81,0
DA:82,0
DA:84,0
BRDA:84,3,0,-
DA:85,0
DA:90,0
FN:90,DSMath.rpow
FNDA:0,DSMath.rpow
DA:91,0
DA:93,0
DA:94,0
DA:96,0
BRDA:96,4,0,-
DA:97,0
FNF:17
FNH:3
LF:42
LH:6
BRF:8
BRH:1
end_of_record
TN:
SF:src/libraries/FullMath.sol
DA:14,394
FN:14,FullMath.mulDiv
FNDA:394,FullMath.mulDiv
DA:21,394
DA:22,394
DA:24,394
DA:25,394
DA:30,394
BRDA:30,0,0,-
BRDA:30,0,1,394
DA:33,394
BRDA:33,1,0,394
DA:35,394
DA:37,394
DA:46,0
DA:48,0
DA:52,0
DA:53,0
DA:59,0
DA:62,0
DA:67,0
DA:73,0
DA:75,0
DA:82,0
DA:86,0
DA:87,0
DA:88,0
DA:89,0
DA:90,0
DA:91,0
DA:99,0
DA:100,0
DA:109,346
FN:109,FullMath.mulDivRoundingUp
FNDA:346,FullMath.mulDivRoundingUp
DA:111,346
DA:112,346
BRDA:112,2,0,148
DA:113,148
BRDA:113,3,0,-
BRDA:113,3,1,148
DA:120,99
FN:120,FullMath.rdiv
FNDA:99,FullMath.rdiv
DA:122,99
DA:125,247
FN:125,FullMath.rmul
FNDA:247,FullMath.rmul
DA:127,247
FNF:4
FNH:4
LF:35
LH:17
BRF:6
BRH:4
end_of_record
TN:
SF:src/libraries/SArrays.sol
DA:19,0
FN:19,SArrays.findUpperBound
FNDA:0,SArrays.findUpperBound
DA:20,0
BRDA:20,0,0,-
DA:21,0
DA:24,0
DA:25,0
DA:27,0
DA:28,0
DA:32,0
BRDA:32,1,0,-
BRDA:32,1,1,-
DA:33,0
DA:35,0
DA:41,0
BRDA:41,2,0,-
BRDA:41,2,1,-
DA:42,0
DA:44,0
DA:50,0
FN:50,SArrays.findIndex
FNDA:0,SArrays.findIndex
DA:53,0
BRDA:53,3,0,-
DA:57,0
DA:58,0
BRDA:58,4,0,-
DA:60,0
BRDA:60,5,0,-
DA:63,0
DA:64,0
DA:66,0
DA:69,0
DA:70,0
DA:72,0
BRDA:72,6,0,-
BRDA:72,6,1,-
DA:73,0
DA:75,0
DA:79,0
DA:82,0
FN:82,SArrays.findValue
FNDA:0,SArrays.findValue
DA:85,0
DA:89,0
FN:89,SArrays.findIndexMemory
FNDA:0,SArrays.findIndexMemory
DA:90,0
BRDA:90,7,0,-
DA:93,0
DA:94,0
BRDA:94,8,0,-
DA:95,0
BRDA:95,9,0,-
DA:98,0
DA:99,0
DA:100,0
DA:101,0
DA:103,0
BRDA:103,10,0,-
BRDA:103,10,1,-
DA:104,0
DA:106,0
DA:110,0
DA:113,0
FN:113,SArrays.findValueMemory
FNDA:0,SArrays.findValueMemory
DA:114,0
FNF:5
FNH:0
LF:44
LH:0
BRF:15
BRH:0
end_of_record
TN:
SF:src/libraries/SafeERC20.sol
DA:10,328
FN:10,SafeERC20.safeTransferFrom
FNDA:328,SafeERC20.safeTransferFrom
DA:16,328
DA:20,328
BRDA:20,0,0,1
BRDA:20,0,1,327
DA:23,93
FN:23,SafeERC20.safeTransfer
FNDA:93,SafeERC20.safeTransfer
DA:28,93
DA:32,93
BRDA:32,1,0,-
BRDA:32,1,1,93
DA:35,0
FN:35,SafeERC20.safeApprove
FNDA:0,SafeERC20.safeApprove
DA:40,0
DA:44,0
BRDA:44,2,0,-
BRDA:44,2,1,-
DA:47,0
FN:47,SafeERC20.safeTransferETH
FNDA:0,SafeERC20.safeTransferETH
DA:48,0
DA:50,0
BRDA:50,3,0,-
BRDA:50,3,1,-
FNF:4
FNH:2
LF:12
LH:6
BRF:8
BRH:3
end_of_record
TN:
SF:src/mocks/InvalidCandidateAddOn.sol
DA:18,0
FN:18,InvalidCandidateAddOn.constructor
FNDA:0,InvalidCandidateAddOn.constructor
DA:19,0
DA:20,0
DA:21,0
DA:22,0
DA:24,0
DA:25,0
DA:29,0
FN:29,InvalidCandidateAddOn.operator
FNDA:0,InvalidCandidateAddOn.operator
DA:30,0
BRDA:30,0,0,-
DA:31,0
DA:34,0
FN:34,InvalidCandidateAddOn.updateSeigniorage
FNDA:0,InvalidCandidateAddOn.updateSeigniorage
DA:35,0
DA:40,0
FN:40,InvalidCandidateAddOn.isCandidateContract
FNDA:0,InvalidCandidateAddOn.isCandidateContract
DA:41,0
DA:44,0
FN:44,InvalidCandidateAddOn.isCandidateFwContract
FNDA:0,InvalidCandidateAddOn.isCandidateFwContract
DA:45,0
[...]
DA:128,503
DA:129,503
DA:130,503
DA:131,503
DA:132,503
DA:133,503
DA:142,18
FN:142,RAT.getValidatorRegistration
FNDA:18,RAT.getValidatorRegistration
DA:151,18
DA:152,18
DA:153,18
DA:154,18
DA:158,0
FN:158,RAT.getAttentionTest
FNDA:0,RAT.getAttentionTest
DA:172,0
DA:173,0
DA:189,8
FN:189,RAT.getAttentionTestStatus
FNDA:8,RAT.getAttentionTestStatus
DA:190,8
DA:191,8
DA:199,8
FN:199,RAT._getCalculatedStatus
FNDA:8,RAT._getCalculatedStatus
DA:201,8
DA:202,6
DA:203,6
BRDA:203,12,0,2
DA:204,2
DA:208,6
BRDA:208,13,0,6
DA:210,6
BRDA:210,14,0,3
DA:211,3
DA:214,3
BRDA:214,15,0,1
DA:215,1
DA:219,2
DA:227,7
FN:227,RAT.getDynamicMinimumCollateral
FNDA:7,RAT.getDynamicMinimumCollateral
DA:228,316
DA:229,316
BRDA:229,16,0,71
DA:230,316
DA:236,326
FN:236,RAT._calculateDynamicCoff
FNDA:326,RAT._calculateDynamicCoff
DA:237,326
DA:240,326
BRDA:240,17,0,325
DA:242,325
DA:244,325
BRDA:244,18,0,12
DA:245,12
DA:249,326
DA:256,65
FN:256,RAT._calculateCoffWithRelaxedCheck
FNDA:65,RAT._calculateCoffWithRelaxedCheck
DA:257,57
BRDA:257,19,0,57
DA:258,57
DA:260,8
DA:267,4
FN:267,RAT.getCoffWithRelaxedCheck
FNDA:4,RAT.getCoffWithRelaxedCheck
DA:268,4
DA:269,4
BRDA:269,20,0,1
DA:270,4
DA:276,2
FN:276,RAT.getDynamicCoff
FNDA:2,RAT.getDynamicCoff
DA:277,2
DA:278,2
BRDA:278,21,0,1
DA:279,2
DA:285,316
FN:285,RAT._calculateMinimumCollateral
FNDA:316,RAT._calculateMinimumCollateral
DA:286,316
DA:292,3
FN:292,RAT._calculateDminWithRelaxedCheck
FNDA:3,RAT._calculateDminWithRelaxedCheck
DA:293,3
DA:300,3
FN:300,RAT.getMinimumCollateralWithRelaxedCheck
FNDA:3,RAT.getMinimumCollateralWithRelaxedCheck
DA:301,3
DA:302,3
BRDA:302,22,0,2
DA:303,3
DA:309,0
FN:309,RAT.getMinimumCollateral
FNDA:0,RAT.getMinimumCollateral
DA:310,0
DA:314,0
FN:314,RAT.validateSlashingPenalty
FNDA:0,RAT.validateSlashingPenalty
DA:315,0
BRDA:315,23,0,-
DA:318,0
DA:322,0
FN:322,RAT.getValidatorCount
FNDA:0,RAT.getValidatorCount
DA:323,0
DA:327,99
FN:327,RAT.getActiveValidatorCount
FNDA:99,RAT.getActiveValidatorCount
DA:328,453
DA:332,0
FN:332,RAT.getL2Validators
FNDA:0,RAT.getL2Validators
DA:333,0
DA:340,0
FN:340,RAT.getValidatorDeposit
FNDA:0,RAT.getValidatorDeposit
DA:341,0
DA:342,0
DA:349,0
FN:349,RAT.getAvailableCollateral
FNDA:0,RAT.getAvailableCollateral
DA:350,0
DA:351,0
DA:358,8
FN:358,RAT.isValidatorActive
FNDA:8,RAT.isValidatorActive
DA:359,8
DA:367,11
FN:367,RAT.getValidatorMinCollateralForLayer2
FNDA:11,RAT.getValidatorMinCollateralForLayer2
DA:368,11
DA:369,11
BRDA:369,24,0,-
DA:371,7
BRDA:371,25,0,7
DA:372,7
DA:375,4
DA:384,12
FN:384,RAT._getLayer2FromSystemConfig
FNDA:12,RAT._getLayer2FromSystemConfig
DA:385,12
DA:386,12
BRDA:386,26,0,-
DA:387,12
DA:394,349
FN:394,RAT._getValidatorCollateral
FNDA:349,RAT._getValidatorCollateral
DA:395,349
DA:396,349
BRDA:396,27,0,-
DA:397,349
DA:405,29
FN:405,RAT._transferCoinageToRAT
FNDA:29,RAT._transferCoinageToRAT
DA:406,29
DA:414,5
FN:414,RAT._transferCoinageFromRAT
FNDA:5,RAT._transferCoinageFromRAT
DA:415,5
DA:421,0
FN:421,RAT.getRATCoinageBalance
FNDA:0,RAT.getRATCoinageBalance
DA:422,0
DA:423,0
BRDA:423,28,0,-
DA:424,0
DA:435,304
FN:435,RAT.registerValidator
FNDA:304,RAT.registerValidator
DA:441,304
BRDA:441,29,0,1
DA:442,303
BRDA:442,30,0,-
DA:445,303
DA:446,1
BRDA:446,31,0,1
DA:449,302
DA:450,302
DA:451,302
BRDA:451,32,0,1
DA:454,301
DA:462,5
FN:462,RAT.deactivateValidator
FNDA:5,RAT.deactivateValidator
DA:463,5
DA:464,5
BRDA:464,33,0,-
DA:467,5
BRDA:467,34,0,4
DA:468,4
DA:472,5
DA:475,5
DA:476,5
DA:479,5
DA:481,5
DA:486,6
FN:486,RAT._removeValidatorFromArray
FNDA:6,RAT._removeValidatorFromArray
DA:487,6
DA:488,6
DA:489,6
DA:491,6
BRDA:491,35,0,1
DA:493,1
DA:494,1
DA:495,1
DA:496,1
DA:500,6
DA:501,6
DA:513,301
FN:513,RAT._registerValidatorInternal
FNDA:301,RAT._registerValidatorInternal
DA:520,301
DA:521,301
DA:524,301
BRDA:524,36,0,2
DA:525,2
DA:528,299
DA:529,299
DA:532,299
DA:533,299
DA:535,299
DA:536,299
DA:539,299
BRDA:539,37,0,286
DA:540,286
DA:543,299
DA:551,35
FN:551,RAT.triggerAttentionTest
FNDA:35,RAT.triggerAttentionTest
DA:559,33
DA:560,33
BRDA:560,38,0,1
DA:562,32
DA:563,32
BRDA:563,39,0,2
DA:566,30
DA:567,30
BRDA:567,40,0,1
DA:570,29
DA:571,29
BRDA:571,41,0,-
DA:573,29
DA:576,29
FN:576,RAT._processAttentionTest
FNDA:29,RAT._processAttentionTest
DA:583,29
DA:586,29
DA:589,29
DA:590,29
BRDA:590,42,0,-
DA:591,29
DA:594,29
BRDA:594,43,0,-
DA:595,0
DA:596,0
DA:600,29
BRDA:600,44,0,-
DA:604,29
DA:606,29
BRDA:606,45,0,1
DA:607,1
DA:611,29
DA:614,29
FN:614,RAT._createAttentionTest
FNDA:29,RAT._createAttentionTest
DA:624,29
DA:625,29
DA:628,29
DA:631,29
BRDA:631,46,0,29
DA:632,29
DA:635,29
DA:646,29
DA:648,29
BRDA:648,47,0,27
DA:649,27
DA:652,29
DA:655,29
DA:657,29
DA:661,6
FN:661,RAT.submitEvidence
FNDA:6,RAT.submitEvidence
DA:666,6
DA:667,6
BRDA:667,48,0,-
DA:669,6
DA:671,6
BRDA:671,49,0,1
DA:672,5
BRDA:672,50,0,-
DA:673,5
BRDA:673,51,0,1
DA:676,4
DA:679,4
DA:684,4
DA:685,4
DA:688,4
DA:689,4
DA:691,4
DA:696,2
FN:696,RAT.resolveClaim
FNDA:2,RAT.resolveClaim
DA:698,2
BRDA:698,52,0,2
DA:701,2
DA:702,2
BRDA:702,53,0,-
DA:704,2
DA:707,2
BRDA:707,54,0,-
DA:711,2
BRDA:711,55,0,-
DA:714,2
BRDA:714,56,0,1
DA:717,1
DA:722,1
DA:723,1
DA:726,1
DA:727,1
DA:729,1
DA:738,29
FN:738,RAT._selectRandomValidator
FNDA:29,RAT._selectRandomValidator
DA:743,29
DA:744,29
DA:745,29
BRDA:745,57,0,-
DA:748,29
DA:750,29
DA:754,4
FN:754,RAT._verifyEvidence
FNDA:4,RAT._verifyEvidence
DA:762,4
DA:767,1
FN:767,RAT._removeValidator
FNDA:1,RAT._removeValidator
DA:774,1
BRDA:774,58,0,1
DA:775,1
DA:779,1
DA:782,1
DA:783,1
DA:785,1
DA:794,5
FN:794,RAT._reactivateValidator
FNDA:5,RAT._reactivateValidator
DA:801,5
BRDA:801,59,0,5
DA:804,0
DA:807,0
DA:808,0
BRDA:808,60,0,-
DA:809,0
DA:813,0
BRDA:813,61,0,-
DA:814,0
DA:815,0
DA:817,0
DA:818,0
DA:820,0
DA:821,0
DA:823,0
DA:826,0
BRDA:826,62,0,-
DA:827,0
DA:830,0
DA:839,38
FN:839,RAT.setAttentionCost
FNDA:38,RAT.setAttentionCost
DA:840,38
DA:844,136
FN:844,RAT.setSlashingPenalty
FNDA:136,RAT.setSlashingPenalty
DA:845,135
DA:849,135
FN:849,RAT.setValidatorBuffer
FNDA:135,RAT.setValidatorBuffer
DA:850,134
DA:854,135
FN:854,RAT.setMinimumThreshold
FNDA:135,RAT.setMinimumThreshold
DA:855,134
DA:859,40
FN:859,RAT.setMaxValidatorsPerL2
FNDA:40,RAT.setMaxValidatorsPerL2
DA:860,39
BRDA:860,63,0,1
BRDA:860,63,1,38
DA:861,38
DA:862,38
DA:866,129
FN:866,RAT.setRatTriggerProbability
FNDA:129,RAT.setRatTriggerProbability
DA:867,128
BRDA:867,64,0,1
DA:868,127
DA:872,34
FN:872,RAT.setEvidenceSubmissionPeriod
FNDA:34,RAT.setEvidenceSubmissionPeriod
DA:873,33
DA:878,33
FN:878,RAT.setChallengeGameDuration
FNDA:33,RAT.setChallengeGameDuration
DA:879,33
DA:884,33
FN:884,RAT.setSafetyBuffer
FNDA:33,RAT.setSafetyBuffer
DA:885,33
DA:892,38
FN:892,RAT.setRelaxedValidatorCheck
FNDA:38,RAT.setRelaxedValidatorCheck
DA:893,37
DA:894,37
DA:898,0
FN:898,RAT.setAuthorizedTrigger
FNDA:0,RAT.setAuthorizedTrigger
DA:899,0
DA:903,1
FN:903,RAT.setL1BridgeRegistry
FNDA:1,RAT.setL1BridgeRegistry
DA:904,0
DA:908,50
FN:908,RAT.setTreasury
FNDA:50,RAT.setTreasury
DA:909,49
DA:914,470
FN:914,RAT.setValidatorReward
FNDA:470,RAT.setValidatorReward
DA:915,470
DA:919,2
FN:919,RAT.transferOwnership
FNDA:2,RAT.transferOwnership
DA:920,1
BRDA:920,65,0,1
BRDA:920,65,1,-
DA:921,0
DA:925,0
FN:925,RAT.setPaused
FNDA:0,RAT.setPaused
DA:926,0
DA:933,3
FN:933,RAT.withdrawSlashingsToTreasury
FNDA:3,RAT.withdrawSlashingsToTreasury
DA:934,3
BRDA:934,66,0,1
BRDA:934,66,1,2
DA:938,2
DA:939,2
BRDA:939,67,0,-
BRDA:939,67,1,2
DA:941,2
DA:944,2
DA:945,2
BRDA:945,68,0,-
BRDA:945,68,1,2
DA:948,2
DA:950,2
FNF:62
FNH:50
LF:317
LH:268
BRF:83
BRH:47
end_of_record
TN:
SF:src/validator/RATStorage.sol
DA:217,304
FN:217,RATStorage.ifFree
FNDA:304,RATStorage.ifFree
DA:218,304
BRDA:218,0,0,-
BRDA:218,0,1,6
DA:219,304
DA:221,299
DA:224,33
FN:224,RATStorage.whenNotPaused
FNDA:33,RATStorage.whenNotPaused
DA:225,33
BRDA:225,1,0,-
BRDA:225,1,1,6
FNF:2
FNH:2
LF:6
LH:6
BRF:4
BRH:2
end_of_record
TN:
SF:src/validator/ValidatorRewardStorage.sol
DA:80,9
FN:80,ValidatorRewardStorage.ifFree
FNDA:9,ValidatorRewardStorage.ifFree
DA:81,9
DA:83,8
DA:86,13
FN:86,ValidatorRewardStorage._ifFreeBefore
FNDA:13,ValidatorRewardStorage._ifFreeBefore
DA:87,13
BRDA:87,0,0,-
BRDA:87,0,1,13
DA:88,13
DA:91,12
FN:91,ValidatorRewardStorage._ifFreeAfter
FNDA:12,ValidatorRewardStorage._ifFreeAfter
DA:92,12
FNF:3
FNH:3
LF:8
LH:8
BRF:2
BRH:1
end_of_record
TN:
SF:src/validator/ValidatorRewardV1.sol
DA:40,3
FN:40,ValidatorRewardV1.onlyOwner
FNDA:3,ValidatorRewardV1.onlyOwner
DA:41,3
BRDA:41,0,0,1
BRDA:41,0,1,2
DA:45,105
FN:45,ValidatorRewardV1.onlySeigManager
FNDA:105,ValidatorRewardV1.onlySeigManager
DA:46,105
BRDA:46,1,0,1
DA:59,541
FN:59,ValidatorRewardV1.initialize
FNDA:541,ValidatorRewardV1.initialize
DA:65,541
BRDA:65,2,0,1
BRDA:65,2,1,540
DA:67,540
DA:68,540
DA:69,540
DA:70,540
DA:78,2
FN:78,ValidatorRewardV1.getPendingRewards
FNDA:2,ValidatorRewardV1.getPendingRewards
DA:79,2
DA:85,0
FN:85,ValidatorRewardV1.getPendingRewardsByL2
FNDA:0,ValidatorRewardV1.getPendingRewardsByL2
DA:86,0
DA:92,38
FN:92,ValidatorRewardV1.getClaimableRewards
FNDA:38,ValidatorRewardV1.getClaimableRewards
DA:93,38
DA:96,38
DA:97,38
DA:98,38
DA:99,43
DA:100,43
DA:101,43
DA:103,43
BRDA:103,3,0,32
DA:105,32
BRDA:105,4,0,31
DA:107,31
DA:111,43
DA:122,105
FN:122,ValidatorRewardV1.distributeL2Rewards
FNDA:105,ValidatorRewardV1.distributeL2Rewards
DA:126,104
BRDA:126,5,0,104
DA:127,103
BRDA:127,6,0,-
DA:130,103
DA:133,103
BRDA:133,7,0,65
DA:134,65
DA:135,65
BRDA:135,8,0,65
DA:136,65
DA:137,65
DA:139,65
DA:143,38
DA:144,38
BRDA:144,9,0,-
DA:147,38
DA:152,38
DA:158,9
FN:158,ValidatorRewardV1.claimAllRewards
FNDA:9,ValidatorRewardV1.claimAllRewards
DA:159,9
DA:162,9
DA:164,9
DA:165,9
BRDA:165,10,0,1
DA:167,8
DA:169,8
DA:171,8
DA:177,4
FN:177,ValidatorRewardV1.claimRewardsByL2s
FNDA:4,ValidatorRewardV1.claimRewardsByL2s
DA:178,4
DA:181,4
DA:182,4
DA:183,6
DA:185,5
BRDA:185,11,0,5
DA:186,5
DA:188,6
DA:191,4
DA:192,4
BRDA:192,12,0,-
DA:194,4
DA:196,4
DA:198,4
DA:207,328
FN:207,ValidatorRewardV1.registerValidatorToL2
FNDA:328,ValidatorRewardV1.registerValidatorToL2
DA:208,328
BRDA:208,13,0,-
BRDA:208,13,1,328
DA:210,328
DA:214,1
BRDA:214,14,0,1
DA:215,1
DA:216,1
DA:220,327
DA:221,327
DA:224,327
DA:226,327
DA:231,7
FN:231,ValidatorRewardV1.syncValidatorReward
FNDA:7,ValidatorRewardV1.syncValidatorReward
DA:232,7
BRDA:232,15,0,-
BRDA:232,15,1,7
DA:233,7
DA:238,1
FN:238,ValidatorRewardV1.resetValidatorDebt
FNDA:1,ValidatorRewardV1.resetValidatorDebt
DA:239,1
BRDA:239,16,0,-
BRDA:239,16,1,1
DA:242,1
DA:252,21
FN:252,ValidatorRewardV1._syncReward
FNDA:21,ValidatorRewardV1._syncReward
DA:253,21
DA:254,21
DA:256,21
BRDA:256,17,0,15
DA:257,15
DA:259,15
DA:263,15
BRDA:263,18,0,15
DA:265,15
DA:269,15
DA:273,15
DA:279,9
FN:279,ValidatorRewardV1._syncAllRewards
FNDA:9,ValidatorRewardV1._syncAllRewards
DA:280,9
DA:281,9
DA:282,9
DA:283,9
DA:284,9
DA:293,3
FN:293,ValidatorRewardV1.setRatContract
FNDA:3,ValidatorRewardV1.setRatContract
DA:294,2
BRDA:294,19,0,1
DA:295,1
DA:300,1
FN:300,ValidatorRewardV1.setTreasury
FNDA:1,ValidatorRewardV1.setTreasury
DA:301,1
DA:305,3
FN:305,ValidatorRewardV1.setSeigManager
FNDA:3,ValidatorRewardV1.setSeigManager
DA:306,2
BRDA:306,20,0,1
DA:307,1
DA:311,3
FN:311,ValidatorRewardV1.transferOwnership
FNDA:3,ValidatorRewardV1.transferOwnership
DA:312,2
BRDA:312,21,0,1
BRDA:312,21,1,1
DA:313,1
DA:321,2
FN:321,ValidatorRewardV1.emergencyWithdraw
FNDA:2,ValidatorRewardV1.emergencyWithdraw
DA:322,1
FNF:19
FNH:18
LF:106
LH:104
BRF:28
BRH:22
end_of_record
TN:
SF:test/v3/helpers/V3TestBase.sol
DA:80,0
FN:80,V3TestBase._getProxyAdmin
FNDA:0,V3TestBase._getProxyAdmin
DA:81,0
DA:86,338
FN:86,V3TestBase._v3TestSetup
FNDA:338,V3TestBase._v3TestSetup
DA:87,338
DA:88,338
DA:89,338
DA:91,338
DA:94,338
DA:95,338
DA:96,338
DA:97,338
DA:98,338
DA:99,338
DA:100,338
DA:101,338
DA:104,338
DA:107,338
DA:110,338
DA:113,338
DA:116,338
DA:117,338
DA:118,338
DA:119,338
DA:120,338
DA:121,338
DA:124,338
DA:125,338
DA:128,338
DA:130,338
DA:134,338
FN:134,V3TestBase._setupMockContracts
FNDA:338,V3TestBase._setupMockContracts
DA:135,338
DA:136,338
DA:137,338
DA:138,338
DA:140,338
DA:141,338
DA:142,338
DA:143,338
DA:144,338
DA:148,338
FN:148,V3TestBase._deployDAO
FNDA:338,V3TestBase._deployDAO
DA:149,338
DA:150,338
DA:152,338
DA:153,338
DA:154,338
DA:156,338
DA:157,338
DA:158,338
DA:160,338
DA:161,338
DA:162,338
DA:163,338
DA:164,338
DA:165,338
DA:166,338
DA:167,338
DA:168,338
DA:169,338
DA:170,338
DA:171,338
DA:172,338
DA:173,338
DA:174,338
DA:175,338
DA:176,338
DA:177,338
DA:179,338
DA:181,338
DA:182,338
DA:184,338
DA:185,338
DA:186,338
DA:188,338
DA:189,338
DA:190,338
DA:192,338
DA:200,338
DA:209,338
DA:210,338
DA:211,338
DA:212,338
DA:213,338
DA:215,338
DA:226,267
FN:226,V3TestBase._registerLayer2WithSystemConfig
FNDA:267,V3TestBase._registerLayer2WithSystemConfig
DA:233,267
DA:235,267
BRDA:235,0,0,240
DA:236,240
DA:238,267
BRDA:238,1,0,240
DA:239,240
DA:242,267
DA:248,267
DA:250,267
DA:251,267
DA:252,267
DA:254,267
DA:260,267
DA:262,267
DA:263,267
DA:267,313
FN:267,V3TestBase._setupCrossReferences
FNDA:313,V3TestBase._setupCrossReferences
DA:268,313
DA:269,313
DA:270,313
DA:272,313
DA:274,313
DA:280,313
DA:287,313
DA:293,313
DA:300,313
DA:313,28
FN:313,V3TestBase._registerValidator
FNDA:28,V3TestBase._registerValidator
DA:314,28
DA:315,28
DA:316,28
DA:317,28
DA:318,28
DA:319,28
DA:325,2
FN:325,V3TestBase._depositOnly
FNDA:2,V3TestBase._depositOnly
DA:326,2
DA:327,2
DA:328,2
DA:329,2
DA:330,2
DA:337,107
FN:337,V3TestBase._stakeForValidator
FNDA:107,V3TestBase._stakeForValidator
DA:338,107
DA:339,107
DA:340,107
DA:341,107
DA:342,107
DA:349,72
FN:349,V3TestBase._getCoinageBalance
FNDA:72,V3TestBase._getCoinageBalance
DA:350,72
DA:354,31
FN:354,V3TestBase._getValidatorStake
FNDA:31,V3TestBase._getValidatorStake
DA:355,31
DA:360,201
FN:360,V3TestBase._registerFirstL2
FNDA:201,V3TestBase._registerFirstL2
DA:361,201
DA:371,66
FN:371,V3TestBase._setupRATParams
FNDA:66,V3TestBase._setupRATParams
DA:372,66
DA:373,66
DA:374,66
DA:375,66
DA:379,76
FN:379,V3TestBase._setupV3AndMigrate
FNDA:76,V3TestBase._setupV3AndMigrate
DA:380,76
DA:383,76
DA:384,76
DA:387,76
DA:388,76
FNF:14
FNH:13
LF:144
LH:142
BRF:2
BRH:2
end_of_record
TN:
SF:test/v3/helpers/V3TestMocks.sol
DA:16,423
FN:16,MockDAOCommitteeProxy.onlyAdmin
FNDA:423,MockDAOCommitteeProxy.onlyAdmin
DA:17,423
BRDA:17,0,0,-
BRDA:17,0,1,423
DA:21,423
FN:21,MockDAOCommitteeProxy.constructor
FNDA:423,MockDAOCommitteeProxy.constructor
DA:22,423
DA:23,423
DA:24,423
DA:27,423
FN:27,MockDAOCommitteeProxy.upgradeTo
FNDA:423,MockDAOCommitteeProxy.upgradeTo
DA:28,423
BRDA:28,1,0,-
BRDA:28,1,1,423
DA:29,423
DA:30,423
DA:33,0
FN:33,MockDAOCommitteeProxy.implementation
FNDA:0,MockDAOCommitteeProxy.implementation
DA:34,0
DA:37,3711
FN:37,MockDAOCommitteeProxy.fallback
FNDA:3711,MockDAOCommitteeProxy.fallback
DA:38,3711
DA:39,3711
BRDA:39,2,0,-
BRDA:39,2,1,3711
DA:41,3711
DA:42,3711
DA:43,3711
DA:45,3711
DA:46,3711
FNF:5
FNH:4
LF:20
LH:18
BRF:6
BRH:3
end_of_record
TN:
SF:test/v3/scenarios/V3ScenarioReal.t.sol
DA:40,0
FN:40,MockLayer2ForV3Test.constructor
FNDA:0,MockLayer2ForV3Test.constructor
DA:41,0
DA:44,0
FN:44,MockLayer2ForV3Test.setSeigManager
FNDA:0,MockLayer2ForV3Test.setSeigManager
DA:45,0
DA:48,0
FN:48,MockLayer2ForV3Test.isLayer2
FNDA:0,MockLayer2ForV3Test.isLayer2
DA:49,0
DA:52,0
FN:52,MockLayer2ForV3Test.lastEpoch
FNDA:0,MockLayer2ForV3Test.lastEpoch
DA:53,0
DA:56,0
FN:56,MockLayer2ForV3Test.changeOperator
FNDA:0,MockLayer2ForV3Test.changeOperator
DA:57,0
DA:60,0
FN:60,MockLayer2ForV3Test.updateSeigniorage
FNDA:0,MockLayer2ForV3Test.updateSeigniorage
DA:61,0
BRDA:61,0,0,-
BRDA:61,0,1,-
DA:62,0
FNF:6
FNH:0
LF:13
LH:0
BRF:2
BRH:0
end_of_record
TN:
SF:test/v3/v2mode/V2ModeTestBase.sol
DA:97,0
FN:97,V2ModeTestBase._getProxyAdmin
FNDA:0,V2ModeTestBase._getProxyAdmin
DA:98,0
DA:106,77
FN:106,V2ModeTestBase._baseSetUp
FNDA:77,V2ModeTestBase._baseSetUp
DA:107,77
DA:108,77
DA:109,77
DA:111,77
DA:114,77
DA:115,77
DA:116,77
DA:117,77
DA:118,77
DA:119,77
DA:120,77
DA:121,77
DA:124,77
DA:126,77
DA:129,77
DA:132,77
DA:134,77
DA:137,77
DA:138,77
DA:139,77
DA:140,77
DA:141,77
DA:144,77
DA:147,77
DA:150,77
DA:151,77
DA:152,77
DA:153,77
DA:156,77
DA:157,77
DA:158,77
DA:160,77
DA:163,77
DA:168,77
FN:168,V2ModeTestBase._setupSeigManagerV2ViewSelectors
FNDA:77,V2ModeTestBase._setupSeigManagerV2ViewSelectors
DA:169,77
DA:170,77
DA:171,77
DA:172,77
DA:176,77
FN:176,V2ModeTestBase._setupCrossReferences
FNDA:77,V2ModeTestBase._setupCrossReferences
DA:178,77
DA:181,77
DA:184,77
DA:187,77
DA:190,77
DA:196,77
DA:204,77
DA:211,77
DA:219,77
DA:225,77
DA:226,77
DA:227,77
DA:228,77
DA:229,77
DA:232,77
DA:236,77
FN:236,V2ModeTestBase._deployDAO
FNDA:77,V2ModeTestBase._deployDAO
DA:238,77
DA:239,77
DA:242,77
DA:243,77
DA:244,77
DA:247,77
DA:248,77
DA:251,77
DA:253,77
DA:254,77
DA:255,77
DA:256,77
DA:257,77
DA:258,77
DA:259,77
DA:260,77
DA:261,77
DA:262,77
DA:263,77
DA:264,77
DA:265,77
DA:266,77
DA:267,77
DA:268,77
DA:269,77
DA:270,77
DA:272,77
DA:275,77
DA:276,77
DA:279,77
DA:280,77
DA:281,77
DA:283,77
DA:284,77
DA:285,77
DA:288,77
DA:296,77
DA:311,77
FN:311,V2ModeTestBase._setupMockSystemConfig
FNDA:77,V2ModeTestBase._setupMockSystemConfig
DA:313,77
DA:314,77
DA:315,77
DA:316,77
DA:319,77
DA:320,77
DA:321,77
DA:322,77
DA:323,77
DA:328,0
FN:328,V2ModeTestBase._depositTONToPortal
FNDA:0,V2ModeTestBase._depositTONToPortal
DA:329,0
DA:330,0
DA:343,48
FN:343,V2ModeTestBase._registerMockLayer2
FNDA:48,V2ModeTestBase._registerMockLayer2
DA:346,48
DA:350,48
DA:353,48
BRDA:353,0,0,48
DA:354,48
DA:356,48
BRDA:356,1,0,48
DA:357,48
DA:361,48
DA:369,48
DA:371,48
DA:374,48
DA:375,48
DA:377,48
DA:383,48
DA:386,48
DA:387,48
DA:392,42
FN:392,V2ModeTestBase._registerMockLayer2WithOperatorStake
FNDA:42,V2ModeTestBase._registerMockLayer2WithOperatorStake
DA:393,42
DA:399,30
FN:399,V2ModeTestBase._registerMockLayer2WithOperatorStakeAndInit
FNDA:30,V2ModeTestBase._registerMockLayer2WithOperatorStakeAndInit
DA:400,30
DA:401,30
DA:407,3
FN:407,V2ModeTestBase._registerMockLayer2Type2
FNDA:3,V2ModeTestBase._registerMockLayer2Type2
DA:408,3
DA:410,3
DA:412,3
BRDA:412,2,0,3
DA:413,3
DA:415,3
BRDA:415,3,0,3
DA:416,3
DA:420,3
DA:428,3
DA:430,3
DA:433,3
DA:434,3
DA:435,3
DA:441,3
DA:443,3
DA:444,3
DA:448,3
FN:448,V2ModeTestBase._registerMockLayer2Type2WithOperatorStake
FNDA:3,V2ModeTestBase._registerMockLayer2Type2WithOperatorStake
DA:449,3
DA:454,2
FN:454,V2ModeTestBase._registerMockLayer2Type2WithOperatorStakeAndInit
FNDA:2,V2ModeTestBase._registerMockLayer2Type2WithOperatorStakeAndInit
DA:455,2
DA:456,2
DA:466,35
FN:466,V2ModeTestBase._initializeLayer2Seigniorage
FNDA:35,V2ModeTestBase._initializeLayer2Seigniorage
DA:467,35
DA:468,35
DA:471,35
DA:472,35
BRDA:472,4,0,-
BRDA:472,4,1,35
DA:476,36
FN:476,V2ModeTestBase._updateSeigniorage
FNDA:36,V2ModeTestBase._updateSeigniorage
DA:477,36
DA:487,11
FN:487,V2ModeTestBase._getOperatorStake
FNDA:11,V2ModeTestBase._getOperatorStake
DA:488,11
DA:489,11
DA:493,1
FN:493,V2ModeTestBase._assertStakeEq
FNDA:1,V2ModeTestBase._assertStakeEq
DA:494,1
DA:496,1
DA:497,1
FNF:17
FNH:15
LF:164
LH:159
BRF:6
BRH:5
end_of_record
TN:
SF:test/v3/v3mode/RAT.t.sol
DA:22,33
FN:22,MockFaultDisputeGame.constructor
FNDA:33,MockFaultDisputeGame.constructor
DA:23,33
FNF:1
FNH:1
LF:2
LH:2
BRF:0
BRH:0
end_of_record
TN:
SF:test/v3/v3mode/ValidatorRewardV1.t.sol
DA:19,37
FN:19,MockRAT.setValidatorReward
FNDA:37,MockRAT.setValidatorReward
DA:20,37
DA:23,41
FN:23,MockRAT.addValidator
FNDA:41,MockRAT.addValidator
DA:24,41
DA:25,41
DA:28,41
BRDA:28,0,0,41
DA:29,41
DA:33,3
FN:33,MockRAT.setActive
FNDA:3,MockRAT.setActive
DA:35,3
BRDA:35,1,0,3
DA:36,3
BRDA:36,2,0,2
BRDA:36,2,1,1
DA:37,2
DA:38,1
BRDA:38,3,0,1
DA:39,1
DA:42,3
DA:45,0
FN:45,MockRAT.getL2Validators
FNDA:0,MockRAT.getL2Validators
DA:46,0
DA:49,39
FN:49,MockRAT.isValidatorActive
FNDA:39,MockRAT.isValidatorActive
DA:50,39
DA:53,33
FN:53,MockRAT.getActiveValidatorCount
FNDA:33,MockRAT.getActiveValidatorCount
DA:54,33
DA:55,33
DA:56,33
DA:57,42
BRDA:57,4,0,42
DA:58,42
DA:61,33
FNF:6
FNH:5
LF:25
LH:23
BRF:6
BRH:6
end_of_record
